<?xml version="1.0" encoding="UTF-8"?>
<testsuites name="Search feature" time="78.48" tests="24" failures="0" errors="0">
   <testsuite name="Search feature" tests="24" failures="0" errors="0" time="78.48" skipped="0" timestamp="2025-09-26 19:43:09" hostname="rilaa - JustR" id="Test Suites/Search feature">
      <properties>
         <property name="deviceName" value=""/>
         <property name="devicePlatform" value=""/>
         <property name="logFolder" value="D:\\Ra\\Katalon\\Automation bookstore\\Reports\\20250926_194256\\Search feature\\20250926_194256"/>
         <property name="logFiles" value="D:\\Ra\\Katalon\\Automation bookstore\\Reports\\20250926_194256\\Search feature\\20250926_194256\\execution0.log"/>
         <property name="attachments" value=""/>
         <property name="hostName" value="rilaa - JustR"/>
         <property name="os" value="Windows 10 64bit"/>
         <property name="katalonVersion" value="8.3.0.208"/>
         <property name="browser" value="Chrome 140.0.0.0"/>
         <property name="hostAddress" value="10.171.99.194"/>
         <property name="sessionId" value="ac2279052cba9410055ca25054490d04"/>
         <property name="seleniumVersion" value="3.141.59"/>
         <property name="proxyInformation" value="ProxyInformation { proxyOption=NO_PROXY, proxyServerType=HTTP, username=, password=********, proxyServerAddress=, proxyServerPort=0, executionList=&quot;&quot;, isApplyToDesiredCapabilities=true }"/>
         <property name="platform" value="Windows 10"/>
      </properties>
      <testcase name="Test Cases/Search by title book" time="3.332" classname="Test Cases/Search by title book" status="PASSED">
         <system-out><![CDATA[2025-09-26 19:43:13 - [TEST_CASE][PASSED] - Test Cases/Search by title book: Test Cases/Search by title book

2025-09-26 19:43:13 - [TEST_STEP][PASSED] - Start listener action : beforeCase: null

2025-09-26 19:43:13 - [TEST_STEP][PASSED] - if (!(isSuiteMode)): null

2025-09-26 19:43:13 - [TEST_STEP][PASSED] - else: null

2025-09-26 19:43:13 - [TEST_STEP][PASSED] - println("=== BeforeTestCase (suite): " + testCaseContext.getTestCaseId()): null

2025-09-26 19:43:14 - [TEST_STEP][PASSED] - setText(findTestObject("searchBar", ["index":index]), title): Text 'Test Automation in the Real World' is set on object 'Object Repository/searchBar'

2025-09-26 19:43:14 - [MESSAGE][PASSED] - Text 'Test Automation in the Real World' is set on object 'Object Repository/searchBar'

2025-09-26 19:43:14 - [TEST_STEP][PASSED] - verifyElementText(findTestObject("pid-title", ["index":index]), title): Actual text and expected text of test object 'Object Repository/pid-title' are matched.

2025-09-26 19:43:14 - [MESSAGE][PASSED] - Actual text and expected text of test object 'Object Repository/pid-title' are matched.

2025-09-26 19:43:14 - [TEST_STEP][PASSED] - click(findTestObject("pid-item", ["index":index])): Object: 'Object Repository/pid-item' is clicked on

2025-09-26 19:43:14 - [MESSAGE][PASSED] - Object: 'Object Repository/pid-item' is clicked on

2025-09-26 19:43:14 - [TEST_STEP][PASSED] - click(findTestObject("btn-clearText")): Object: 'Object Repository/btn-clearText' is clicked on

2025-09-26 19:43:15 - [MESSAGE][PASSED] - Object: 'Object Repository/btn-clearText' is clicked on

2025-09-26 19:43:15 - [TEST_STEP][PASSED] - delay(2): Delayed 2 second(s)

2025-09-26 19:43:17 - [MESSAGE][PASSED] - Delayed 2 second(s)

2025-09-26 19:43:17 - [TEST_STEP][PASSED] - Start listener action : afterCase: null

2025-09-26 19:43:17 - [TEST_STEP][PASSED] - println("=== AfterTestCase: " + testCaseContext.getTestCaseId() + " | Status: " + testCaseContext.getTestCaseStatus()): null

2025-09-26 19:43:17 - [TEST_STEP][PASSED] - if (!(isSuiteMode)): null]]></system-out>
         <system-err><![CDATA[]]></system-err>
      </testcase>
      <testcase name="Test Cases/Search by title book" time="2.969" classname="Test Cases/Search by title book" status="PASSED">
         <system-out><![CDATA[2025-09-26 19:43:17 - [TEST_CASE][PASSED] - Test Cases/Search by title book: Test Cases/Search by title book

2025-09-26 19:43:17 - [TEST_STEP][PASSED] - Start listener action : beforeCase: null

2025-09-26 19:43:17 - [TEST_STEP][PASSED] - if (!(isSuiteMode)): null

2025-09-26 19:43:17 - [TEST_STEP][PASSED] - else: null

2025-09-26 19:43:17 - [TEST_STEP][PASSED] - println("=== BeforeTestCase (suite): " + testCaseContext.getTestCaseId()): null

2025-09-26 19:43:17 - [TEST_STEP][PASSED] - setText(findTestObject("searchBar", ["index":index]), title): Text 'Experiences of Test Automation' is set on object 'Object Repository/searchBar'

2025-09-26 19:43:17 - [MESSAGE][PASSED] - Text 'Experiences of Test Automation' is set on object 'Object Repository/searchBar'

2025-09-26 19:43:17 - [TEST_STEP][PASSED] - verifyElementText(findTestObject("pid-title", ["index":index]), title): Actual text and expected text of test object 'Object Repository/pid-title' are matched.

2025-09-26 19:43:17 - [MESSAGE][PASSED] - Actual text and expected text of test object 'Object Repository/pid-title' are matched.

2025-09-26 19:43:17 - [TEST_STEP][PASSED] - click(findTestObject("pid-item", ["index":index])): Object: 'Object Repository/pid-item' is clicked on

2025-09-26 19:43:17 - [MESSAGE][PASSED] - Object: 'Object Repository/pid-item' is clicked on

2025-09-26 19:43:17 - [TEST_STEP][PASSED] - click(findTestObject("btn-clearText")): Object: 'Object Repository/btn-clearText' is clicked on

2025-09-26 19:43:18 - [MESSAGE][PASSED] - Object: 'Object Repository/btn-clearText' is clicked on

2025-09-26 19:43:18 - [TEST_STEP][PASSED] - delay(2): Delayed 2 second(s)

2025-09-26 19:43:20 - [MESSAGE][PASSED] - Delayed 2 second(s)

2025-09-26 19:43:20 - [TEST_STEP][PASSED] - Start listener action : afterCase: null

2025-09-26 19:43:20 - [TEST_STEP][PASSED] - println("=== AfterTestCase: " + testCaseContext.getTestCaseId() + " | Status: " + testCaseContext.getTestCaseStatus()): null

2025-09-26 19:43:20 - [TEST_STEP][PASSED] - if (!(isSuiteMode)): null]]></system-out>
         <system-err><![CDATA[]]></system-err>
      </testcase>
      <testcase name="Test Cases/Search by title book" time="3.091" classname="Test Cases/Search by title book" status="PASSED">
         <system-out><![CDATA[2025-09-26 19:43:20 - [TEST_CASE][PASSED] - Test Cases/Search by title book: Test Cases/Search by title book

2025-09-26 19:43:20 - [TEST_STEP][PASSED] - Start listener action : beforeCase: null

2025-09-26 19:43:20 - [TEST_STEP][PASSED] - if (!(isSuiteMode)): null

2025-09-26 19:43:20 - [TEST_STEP][PASSED] - else: null

2025-09-26 19:43:20 - [TEST_STEP][PASSED] - println("=== BeforeTestCase (suite): " + testCaseContext.getTestCaseId()): null

2025-09-26 19:43:20 - [TEST_STEP][PASSED] - setText(findTestObject("searchBar", ["index":index]), title): Text 'Agile Testing' is set on object 'Object Repository/searchBar'

2025-09-26 19:43:20 - [MESSAGE][PASSED] - Text 'Agile Testing' is set on object 'Object Repository/searchBar'

2025-09-26 19:43:20 - [TEST_STEP][PASSED] - verifyElementText(findTestObject("pid-title", ["index":index]), title): Actual text and expected text of test object 'Object Repository/pid-title' are matched.

2025-09-26 19:43:20 - [MESSAGE][PASSED] - Actual text and expected text of test object 'Object Repository/pid-title' are matched.

2025-09-26 19:43:20 - [TEST_STEP][PASSED] - click(findTestObject("pid-item", ["index":index])): Object: 'Object Repository/pid-item' is clicked on

2025-09-26 19:43:21 - [MESSAGE][PASSED] - Object: 'Object Repository/pid-item' is clicked on

2025-09-26 19:43:21 - [TEST_STEP][PASSED] - click(findTestObject("btn-clearText")): Object: 'Object Repository/btn-clearText' is clicked on

2025-09-26 19:43:21 - [MESSAGE][PASSED] - Object: 'Object Repository/btn-clearText' is clicked on

2025-09-26 19:43:21 - [TEST_STEP][PASSED] - delay(2): Delayed 2 second(s)

2025-09-26 19:43:23 - [MESSAGE][PASSED] - Delayed 2 second(s)

2025-09-26 19:43:23 - [TEST_STEP][PASSED] - Start listener action : afterCase: null

2025-09-26 19:43:23 - [TEST_STEP][PASSED] - println("=== AfterTestCase: " + testCaseContext.getTestCaseId() + " | Status: " + testCaseContext.getTestCaseStatus()): null

2025-09-26 19:43:23 - [TEST_STEP][PASSED] - if (!(isSuiteMode)): null]]></system-out>
         <system-err><![CDATA[]]></system-err>
      </testcase>
      <testcase name="Test Cases/Search by title book" time="3.161" classname="Test Cases/Search by title book" status="PASSED">
         <system-out><![CDATA[2025-09-26 19:43:23 - [TEST_CASE][PASSED] - Test Cases/Search by title book: Test Cases/Search by title book

2025-09-26 19:43:23 - [TEST_STEP][PASSED] - Start listener action : beforeCase: null

2025-09-26 19:43:23 - [TEST_STEP][PASSED] - if (!(isSuiteMode)): null

2025-09-26 19:43:23 - [TEST_STEP][PASSED] - else: null

2025-09-26 19:43:23 - [TEST_STEP][PASSED] - println("=== BeforeTestCase (suite): " + testCaseContext.getTestCaseId()): null

2025-09-26 19:43:23 - [TEST_STEP][PASSED] - setText(findTestObject("searchBar", ["index":index]), title): Text 'How Google Tests Software' is set on object 'Object Repository/searchBar'

2025-09-26 19:43:23 - [MESSAGE][PASSED] - Text 'How Google Tests Software' is set on object 'Object Repository/searchBar'

2025-09-26 19:43:23 - [TEST_STEP][PASSED] - verifyElementText(findTestObject("pid-title", ["index":index]), title): Actual text and expected text of test object 'Object Repository/pid-title' are matched.

2025-09-26 19:43:23 - [MESSAGE][PASSED] - Actual text and expected text of test object 'Object Repository/pid-title' are matched.

2025-09-26 19:43:23 - [TEST_STEP][PASSED] - click(findTestObject("pid-item", ["index":index])): Object: 'Object Repository/pid-item' is clicked on

2025-09-26 19:43:24 - [MESSAGE][PASSED] - Object: 'Object Repository/pid-item' is clicked on

2025-09-26 19:43:24 - [TEST_STEP][PASSED] - click(findTestObject("btn-clearText")): Object: 'Object Repository/btn-clearText' is clicked on

2025-09-26 19:43:24 - [MESSAGE][PASSED] - Object: 'Object Repository/btn-clearText' is clicked on

2025-09-26 19:43:24 - [TEST_STEP][PASSED] - delay(2): Delayed 2 second(s)

2025-09-26 19:43:26 - [MESSAGE][PASSED] - Delayed 2 second(s)

2025-09-26 19:43:26 - [TEST_STEP][PASSED] - Start listener action : afterCase: null

2025-09-26 19:43:26 - [TEST_STEP][PASSED] - println("=== AfterTestCase: " + testCaseContext.getTestCaseId() + " | Status: " + testCaseContext.getTestCaseStatus()): null

2025-09-26 19:43:26 - [TEST_STEP][PASSED] - if (!(isSuiteMode)): null]]></system-out>
         <system-err><![CDATA[]]></system-err>
      </testcase>
      <testcase name="Test Cases/Search by title book" time="2.987" classname="Test Cases/Search by title book" status="PASSED">
         <system-out><![CDATA[2025-09-26 19:43:26 - [TEST_CASE][PASSED] - Test Cases/Search by title book: Test Cases/Search by title book

2025-09-26 19:43:26 - [TEST_STEP][PASSED] - Start listener action : beforeCase: null

2025-09-26 19:43:26 - [TEST_STEP][PASSED] - if (!(isSuiteMode)): null

2025-09-26 19:43:26 - [TEST_STEP][PASSED] - else: null

2025-09-26 19:43:26 - [TEST_STEP][PASSED] - println("=== BeforeTestCase (suite): " + testCaseContext.getTestCaseId()): null

2025-09-26 19:43:26 - [TEST_STEP][PASSED] - setText(findTestObject("searchBar", ["index":index]), title): Text 'Java For Testers' is set on object 'Object Repository/searchBar'

2025-09-26 19:43:26 - [MESSAGE][PASSED] - Text 'Java For Testers' is set on object 'Object Repository/searchBar'

2025-09-26 19:43:26 - [TEST_STEP][PASSED] - verifyElementText(findTestObject("pid-title", ["index":index]), title): Actual text and expected text of test object 'Object Repository/pid-title' are matched.

2025-09-26 19:43:27 - [MESSAGE][PASSED] - Actual text and expected text of test object 'Object Repository/pid-title' are matched.

2025-09-26 19:43:27 - [TEST_STEP][PASSED] - click(findTestObject("pid-item", ["index":index])): Object: 'Object Repository/pid-item' is clicked on

2025-09-26 19:43:27 - [MESSAGE][PASSED] - Object: 'Object Repository/pid-item' is clicked on

2025-09-26 19:43:27 - [TEST_STEP][PASSED] - click(findTestObject("btn-clearText")): Object: 'Object Repository/btn-clearText' is clicked on

2025-09-26 19:43:27 - [MESSAGE][PASSED] - Object: 'Object Repository/btn-clearText' is clicked on

2025-09-26 19:43:27 - [TEST_STEP][PASSED] - delay(2): Delayed 2 second(s)

2025-09-26 19:43:29 - [MESSAGE][PASSED] - Delayed 2 second(s)

2025-09-26 19:43:29 - [TEST_STEP][PASSED] - Start listener action : afterCase: null

2025-09-26 19:43:29 - [TEST_STEP][PASSED] - println("=== AfterTestCase: " + testCaseContext.getTestCaseId() + " | Status: " + testCaseContext.getTestCaseStatus()): null

2025-09-26 19:43:29 - [TEST_STEP][PASSED] - if (!(isSuiteMode)): null]]></system-out>
         <system-err><![CDATA[]]></system-err>
      </testcase>
      <testcase name="Test Cases/Search by title book" time="2.86" classname="Test Cases/Search by title book" status="PASSED">
         <system-out><![CDATA[2025-09-26 19:43:29 - [TEST_CASE][PASSED] - Test Cases/Search by title book: Test Cases/Search by title book

2025-09-26 19:43:29 - [TEST_STEP][PASSED] - Start listener action : beforeCase: null

2025-09-26 19:43:29 - [TEST_STEP][PASSED] - if (!(isSuiteMode)): null

2025-09-26 19:43:29 - [TEST_STEP][PASSED] - else: null

2025-09-26 19:43:29 - [TEST_STEP][PASSED] - println("=== BeforeTestCase (suite): " + testCaseContext.getTestCaseId()): null

2025-09-26 19:43:29 - [TEST_STEP][PASSED] - setText(findTestObject("searchBar", ["index":index]), title): Text 'Advanced Selenium in Java' is set on object 'Object Repository/searchBar'

2025-09-26 19:43:29 - [MESSAGE][PASSED] - Text 'Advanced Selenium in Java' is set on object 'Object Repository/searchBar'

2025-09-26 19:43:29 - [TEST_STEP][PASSED] - verifyElementText(findTestObject("pid-title", ["index":index]), title): Actual text and expected text of test object 'Object Repository/pid-title' are matched.

2025-09-26 19:43:30 - [MESSAGE][PASSED] - Actual text and expected text of test object 'Object Repository/pid-title' are matched.

2025-09-26 19:43:30 - [TEST_STEP][PASSED] - click(findTestObject("pid-item", ["index":index])): Object: 'Object Repository/pid-item' is clicked on

2025-09-26 19:43:30 - [MESSAGE][PASSED] - Object: 'Object Repository/pid-item' is clicked on

2025-09-26 19:43:30 - [TEST_STEP][PASSED] - click(findTestObject("btn-clearText")): Object: 'Object Repository/btn-clearText' is clicked on

2025-09-26 19:43:30 - [MESSAGE][PASSED] - Object: 'Object Repository/btn-clearText' is clicked on

2025-09-26 19:43:30 - [TEST_STEP][PASSED] - delay(2): Delayed 2 second(s)

2025-09-26 19:43:32 - [MESSAGE][PASSED] - Delayed 2 second(s)

2025-09-26 19:43:32 - [TEST_STEP][PASSED] - Start listener action : afterCase: null

2025-09-26 19:43:32 - [TEST_STEP][PASSED] - println("=== AfterTestCase: " + testCaseContext.getTestCaseId() + " | Status: " + testCaseContext.getTestCaseStatus()): null

2025-09-26 19:43:32 - [TEST_STEP][PASSED] - if (!(isSuiteMode)): null]]></system-out>
         <system-err><![CDATA[]]></system-err>
      </testcase>
      <testcase name="Test Cases/Search by title book" time="3.002" classname="Test Cases/Search by title book" status="PASSED">
         <system-out><![CDATA[2025-09-26 19:43:32 - [TEST_CASE][PASSED] - Test Cases/Search by title book: Test Cases/Search by title book

2025-09-26 19:43:32 - [TEST_STEP][PASSED] - Start listener action : beforeCase: null

2025-09-26 19:43:32 - [TEST_STEP][PASSED] - if (!(isSuiteMode)): null

2025-09-26 19:43:32 - [TEST_STEP][PASSED] - else: null

2025-09-26 19:43:32 - [TEST_STEP][PASSED] - println("=== BeforeTestCase (suite): " + testCaseContext.getTestCaseId()): null

2025-09-26 19:43:32 - [TEST_STEP][PASSED] - setText(findTestObject("searchBar", ["index":index]), title): Text 'The Cucumber for Java Book' is set on object 'Object Repository/searchBar'

2025-09-26 19:43:32 - [MESSAGE][PASSED] - Text 'The Cucumber for Java Book' is set on object 'Object Repository/searchBar'

2025-09-26 19:43:32 - [TEST_STEP][PASSED] - verifyElementText(findTestObject("pid-title", ["index":index]), title): Actual text and expected text of test object 'Object Repository/pid-title' are matched.

2025-09-26 19:43:32 - [MESSAGE][PASSED] - Actual text and expected text of test object 'Object Repository/pid-title' are matched.

2025-09-26 19:43:32 - [TEST_STEP][PASSED] - click(findTestObject("pid-item", ["index":index])): Object: 'Object Repository/pid-item' is clicked on

2025-09-26 19:43:33 - [MESSAGE][PASSED] - Object: 'Object Repository/pid-item' is clicked on

2025-09-26 19:43:33 - [TEST_STEP][PASSED] - click(findTestObject("btn-clearText")): Object: 'Object Repository/btn-clearText' is clicked on

2025-09-26 19:43:33 - [MESSAGE][PASSED] - Object: 'Object Repository/btn-clearText' is clicked on

2025-09-26 19:43:33 - [TEST_STEP][PASSED] - delay(2): Delayed 2 second(s)

2025-09-26 19:43:35 - [MESSAGE][PASSED] - Delayed 2 second(s)

2025-09-26 19:43:35 - [TEST_STEP][PASSED] - Start listener action : afterCase: null

2025-09-26 19:43:35 - [TEST_STEP][PASSED] - println("=== AfterTestCase: " + testCaseContext.getTestCaseId() + " | Status: " + testCaseContext.getTestCaseStatus()): null

2025-09-26 19:43:35 - [TEST_STEP][PASSED] - if (!(isSuiteMode)): null]]></system-out>
         <system-err><![CDATA[]]></system-err>
      </testcase>
      <testcase name="Test Cases/Search by title book" time="3.108" classname="Test Cases/Search by title book" status="PASSED">
         <system-out><![CDATA[2025-09-26 19:43:35 - [TEST_CASE][PASSED] - Test Cases/Search by title book: Test Cases/Search by title book

2025-09-26 19:43:35 - [TEST_STEP][PASSED] - Start listener action : beforeCase: null

2025-09-26 19:43:35 - [TEST_STEP][PASSED] - if (!(isSuiteMode)): null

2025-09-26 19:43:35 - [TEST_STEP][PASSED] - else: null

2025-09-26 19:43:35 - [TEST_STEP][PASSED] - println("=== BeforeTestCase (suite): " + testCaseContext.getTestCaseId()): null

2025-09-26 19:43:35 - [TEST_STEP][PASSED] - setText(findTestObject("searchBar", ["index":index]), title): Text 'BDD in Action' is set on object 'Object Repository/searchBar'

2025-09-26 19:43:35 - [MESSAGE][PASSED] - Text 'BDD in Action' is set on object 'Object Repository/searchBar'

2025-09-26 19:43:35 - [TEST_STEP][PASSED] - verifyElementText(findTestObject("pid-title", ["index":index]), title): Actual text and expected text of test object 'Object Repository/pid-title' are matched.

2025-09-26 19:43:36 - [MESSAGE][PASSED] - Actual text and expected text of test object 'Object Repository/pid-title' are matched.

2025-09-26 19:43:36 - [TEST_STEP][PASSED] - click(findTestObject("pid-item", ["index":index])): Object: 'Object Repository/pid-item' is clicked on

2025-09-26 19:43:36 - [MESSAGE][PASSED] - Object: 'Object Repository/pid-item' is clicked on

2025-09-26 19:43:36 - [TEST_STEP][PASSED] - click(findTestObject("btn-clearText")): Object: 'Object Repository/btn-clearText' is clicked on

2025-09-26 19:43:36 - [MESSAGE][PASSED] - Object: 'Object Repository/btn-clearText' is clicked on

2025-09-26 19:43:36 - [TEST_STEP][PASSED] - delay(2): Delayed 2 second(s)

2025-09-26 19:43:38 - [MESSAGE][PASSED] - Delayed 2 second(s)

2025-09-26 19:43:38 - [TEST_STEP][PASSED] - Start listener action : afterCase: null

2025-09-26 19:43:38 - [TEST_STEP][PASSED] - println("=== AfterTestCase: " + testCaseContext.getTestCaseId() + " | Status: " + testCaseContext.getTestCaseStatus()): null

2025-09-26 19:43:38 - [TEST_STEP][PASSED] - if (!(isSuiteMode)): null]]></system-out>
         <system-err><![CDATA[]]></system-err>
      </testcase>
      <testcase name="Test Cases/Search by author book" time="3.382" classname="Test Cases/Search by author book" status="PASSED">
         <system-out><![CDATA[2025-09-26 19:43:38 - [TEST_CASE][PASSED] - Test Cases/Search by author book: Test Cases/Search by author book

2025-09-26 19:43:38 - [TEST_STEP][PASSED] - Start listener action : beforeCase: null

2025-09-26 19:43:38 - [TEST_STEP][PASSED] - if (!(isSuiteMode)): null

2025-09-26 19:43:38 - [TEST_STEP][PASSED] - else: null

2025-09-26 19:43:38 - [TEST_STEP][PASSED] - println("=== BeforeTestCase (suite): " + testCaseContext.getTestCaseId()): null

2025-09-26 19:43:39 - [TEST_STEP][PASSED] - setText(findTestObject("searchBar", ["index":index]), author): Text 'Greg Paskal' is set on object 'Object Repository/searchBar'

2025-09-26 19:43:39 - [MESSAGE][PASSED] - Text 'Greg Paskal' is set on object 'Object Repository/searchBar'

2025-09-26 19:43:39 - [TEST_STEP][PASSED] - verifyElementText(findTestObject("pid-author", ["index":index]), author): Actual text and expected text of test object 'Object Repository/pid-author' are matched.

2025-09-26 19:43:39 - [MESSAGE][PASSED] - Actual text and expected text of test object 'Object Repository/pid-author' are matched.

2025-09-26 19:43:39 - [TEST_STEP][PASSED] - click(findTestObject("pid-item", ["index":index])): Object: 'Object Repository/pid-item' is clicked on

2025-09-26 19:43:39 - [MESSAGE][PASSED] - Object: 'Object Repository/pid-item' is clicked on

2025-09-26 19:43:39 - [TEST_STEP][PASSED] - click(findTestObject("btn-clearText")): Object: 'Object Repository/btn-clearText' is clicked on

2025-09-26 19:43:40 - [MESSAGE][PASSED] - Object: 'Object Repository/btn-clearText' is clicked on

2025-09-26 19:43:40 - [TEST_STEP][PASSED] - delay(2): Delayed 2 second(s)

2025-09-26 19:43:42 - [MESSAGE][PASSED] - Delayed 2 second(s)

2025-09-26 19:43:42 - [TEST_STEP][PASSED] - Start listener action : afterCase: null

2025-09-26 19:43:42 - [TEST_STEP][PASSED] - println("=== AfterTestCase: " + testCaseContext.getTestCaseId() + " | Status: " + testCaseContext.getTestCaseStatus()): null

2025-09-26 19:43:42 - [TEST_STEP][PASSED] - if (!(isSuiteMode)): null]]></system-out>
         <system-err><![CDATA[]]></system-err>
      </testcase>
      <testcase name="Test Cases/Search by author book" time="3.0" classname="Test Cases/Search by author book" status="PASSED">
         <system-out><![CDATA[2025-09-26 19:43:42 - [TEST_CASE][PASSED] - Test Cases/Search by author book: Test Cases/Search by author book

2025-09-26 19:43:42 - [TEST_STEP][PASSED] - Start listener action : beforeCase: null

2025-09-26 19:43:42 - [TEST_STEP][PASSED] - if (!(isSuiteMode)): null

2025-09-26 19:43:42 - [TEST_STEP][PASSED] - else: null

2025-09-26 19:43:42 - [TEST_STEP][PASSED] - println("=== BeforeTestCase (suite): " + testCaseContext.getTestCaseId()): null

2025-09-26 19:43:42 - [TEST_STEP][PASSED] - setText(findTestObject("searchBar", ["index":index]), author): Text 'Dorothy Graham and Mark Fewster' is set on object 'Object Repository/searchBar'

2025-09-26 19:43:42 - [MESSAGE][PASSED] - Text 'Dorothy Graham and Mark Fewster' is set on object 'Object Repository/searchBar'

2025-09-26 19:43:42 - [TEST_STEP][PASSED] - verifyElementText(findTestObject("pid-author", ["index":index]), author): Actual text and expected text of test object 'Object Repository/pid-author' are matched.

2025-09-26 19:43:42 - [MESSAGE][PASSED] - Actual text and expected text of test object 'Object Repository/pid-author' are matched.

2025-09-26 19:43:42 - [TEST_STEP][PASSED] - click(findTestObject("pid-item", ["index":index])): Object: 'Object Repository/pid-item' is clicked on

2025-09-26 19:43:42 - [MESSAGE][PASSED] - Object: 'Object Repository/pid-item' is clicked on

2025-09-26 19:43:42 - [TEST_STEP][PASSED] - click(findTestObject("btn-clearText")): Object: 'Object Repository/btn-clearText' is clicked on

2025-09-26 19:43:43 - [MESSAGE][PASSED] - Object: 'Object Repository/btn-clearText' is clicked on

2025-09-26 19:43:43 - [TEST_STEP][PASSED] - delay(2): Delayed 2 second(s)

2025-09-26 19:43:45 - [MESSAGE][PASSED] - Delayed 2 second(s)

2025-09-26 19:43:45 - [TEST_STEP][PASSED] - Start listener action : afterCase: null

2025-09-26 19:43:45 - [TEST_STEP][PASSED] - println("=== AfterTestCase: " + testCaseContext.getTestCaseId() + " | Status: " + testCaseContext.getTestCaseStatus()): null

2025-09-26 19:43:45 - [TEST_STEP][PASSED] - if (!(isSuiteMode)): null]]></system-out>
         <system-err><![CDATA[]]></system-err>
      </testcase>
      <testcase name="Test Cases/Search by author book" time="3.012" classname="Test Cases/Search by author book" status="PASSED">
         <system-out><![CDATA[2025-09-26 19:43:45 - [TEST_CASE][PASSED] - Test Cases/Search by author book: Test Cases/Search by author book

2025-09-26 19:43:45 - [TEST_STEP][PASSED] - Start listener action : beforeCase: null

2025-09-26 19:43:45 - [TEST_STEP][PASSED] - if (!(isSuiteMode)): null

2025-09-26 19:43:45 - [TEST_STEP][PASSED] - else: null

2025-09-26 19:43:45 - [TEST_STEP][PASSED] - println("=== BeforeTestCase (suite): " + testCaseContext.getTestCaseId()): null

2025-09-26 19:43:45 - [TEST_STEP][PASSED] - setText(findTestObject("searchBar", ["index":index]), author): Text 'Lisa Crispin and Janet Gregory' is set on object 'Object Repository/searchBar'

2025-09-26 19:43:45 - [MESSAGE][PASSED] - Text 'Lisa Crispin and Janet Gregory' is set on object 'Object Repository/searchBar'

2025-09-26 19:43:45 - [TEST_STEP][PASSED] - verifyElementText(findTestObject("pid-author", ["index":index]), author): Actual text and expected text of test object 'Object Repository/pid-author' are matched.

2025-09-26 19:43:45 - [MESSAGE][PASSED] - Actual text and expected text of test object 'Object Repository/pid-author' are matched.

2025-09-26 19:43:45 - [TEST_STEP][PASSED] - click(findTestObject("pid-item", ["index":index])): Object: 'Object Repository/pid-item' is clicked on

2025-09-26 19:43:45 - [MESSAGE][PASSED] - Object: 'Object Repository/pid-item' is clicked on

2025-09-26 19:43:45 - [TEST_STEP][PASSED] - click(findTestObject("btn-clearText")): Object: 'Object Repository/btn-clearText' is clicked on

2025-09-26 19:43:46 - [MESSAGE][PASSED] - Object: 'Object Repository/btn-clearText' is clicked on

2025-09-26 19:43:46 - [TEST_STEP][PASSED] - delay(2): Delayed 2 second(s)

2025-09-26 19:43:48 - [MESSAGE][PASSED] - Delayed 2 second(s)

2025-09-26 19:43:48 - [TEST_STEP][PASSED] - Start listener action : afterCase: null

2025-09-26 19:43:48 - [TEST_STEP][PASSED] - println("=== AfterTestCase: " + testCaseContext.getTestCaseId() + " | Status: " + testCaseContext.getTestCaseStatus()): null

2025-09-26 19:43:48 - [TEST_STEP][PASSED] - if (!(isSuiteMode)): null]]></system-out>
         <system-err><![CDATA[]]></system-err>
      </testcase>
      <testcase name="Test Cases/Search by author book" time="3.047" classname="Test Cases/Search by author book" status="PASSED">
         <system-out><![CDATA[2025-09-26 19:43:48 - [TEST_CASE][PASSED] - Test Cases/Search by author book: Test Cases/Search by author book

2025-09-26 19:43:48 - [TEST_STEP][PASSED] - Start listener action : beforeCase: null

2025-09-26 19:43:48 - [TEST_STEP][PASSED] - if (!(isSuiteMode)): null

2025-09-26 19:43:48 - [TEST_STEP][PASSED] - else: null

2025-09-26 19:43:48 - [TEST_STEP][PASSED] - println("=== BeforeTestCase (suite): " + testCaseContext.getTestCaseId()): null

2025-09-26 19:43:48 - [TEST_STEP][PASSED] - setText(findTestObject("searchBar", ["index":index]), author): Text 'James A. Whittaker, Jason Arbon, Jeff Carollo' is set on object 'Object Repository/searchBar'

2025-09-26 19:43:48 - [MESSAGE][PASSED] - Text 'James A. Whittaker, Jason Arbon, Jeff Carollo' is set on object 'Object Repository/searchBar'

2025-09-26 19:43:48 - [TEST_STEP][PASSED] - verifyElementText(findTestObject("pid-author", ["index":index]), author): Actual text and expected text of test object 'Object Repository/pid-author' are matched.

2025-09-26 19:43:48 - [MESSAGE][PASSED] - Actual text and expected text of test object 'Object Repository/pid-author' are matched.

2025-09-26 19:43:48 - [TEST_STEP][PASSED] - click(findTestObject("pid-item", ["index":index])): Object: 'Object Repository/pid-item' is clicked on

2025-09-26 19:43:48 - [MESSAGE][PASSED] - Object: 'Object Repository/pid-item' is clicked on

2025-09-26 19:43:48 - [TEST_STEP][PASSED] - click(findTestObject("btn-clearText")): Object: 'Object Repository/btn-clearText' is clicked on

2025-09-26 19:43:49 - [MESSAGE][PASSED] - Object: 'Object Repository/btn-clearText' is clicked on

2025-09-26 19:43:49 - [TEST_STEP][PASSED] - delay(2): Delayed 2 second(s)

2025-09-26 19:43:51 - [MESSAGE][PASSED] - Delayed 2 second(s)

2025-09-26 19:43:51 - [TEST_STEP][PASSED] - Start listener action : afterCase: null

2025-09-26 19:43:51 - [TEST_STEP][PASSED] - println("=== AfterTestCase: " + testCaseContext.getTestCaseId() + " | Status: " + testCaseContext.getTestCaseStatus()): null

2025-09-26 19:43:51 - [TEST_STEP][PASSED] - if (!(isSuiteMode)): null]]></system-out>
         <system-err><![CDATA[]]></system-err>
      </testcase>
      <testcase name="Test Cases/Search by author book" time="3.018" classname="Test Cases/Search by author book" status="PASSED">
         <system-out><![CDATA[2025-09-26 19:43:51 - [TEST_CASE][PASSED] - Test Cases/Search by author book: Test Cases/Search by author book

2025-09-26 19:43:51 - [TEST_STEP][PASSED] - Start listener action : beforeCase: null

2025-09-26 19:43:51 - [TEST_STEP][PASSED] - if (!(isSuiteMode)): null

2025-09-26 19:43:51 - [TEST_STEP][PASSED] - else: null

2025-09-26 19:43:51 - [TEST_STEP][PASSED] - println("=== BeforeTestCase (suite): " + testCaseContext.getTestCaseId()): null

2025-09-26 19:43:51 - [TEST_STEP][PASSED] - setText(findTestObject("searchBar", ["index":index]), author): Text 'Alan Richardson' is set on object 'Object Repository/searchBar'

2025-09-26 19:43:51 - [MESSAGE][PASSED] - Text 'Alan Richardson' is set on object 'Object Repository/searchBar'

2025-09-26 19:43:51 - [TEST_STEP][PASSED] - verifyElementText(findTestObject("pid-author", ["index":index]), author): Actual text and expected text of test object 'Object Repository/pid-author' are matched.

2025-09-26 19:43:51 - [MESSAGE][PASSED] - Actual text and expected text of test object 'Object Repository/pid-author' are matched.

2025-09-26 19:43:51 - [TEST_STEP][PASSED] - click(findTestObject("pid-item", ["index":index])): Object: 'Object Repository/pid-item' is clicked on

2025-09-26 19:43:51 - [MESSAGE][PASSED] - Object: 'Object Repository/pid-item' is clicked on

2025-09-26 19:43:51 - [TEST_STEP][PASSED] - click(findTestObject("btn-clearText")): Object: 'Object Repository/btn-clearText' is clicked on

2025-09-26 19:43:52 - [MESSAGE][PASSED] - Object: 'Object Repository/btn-clearText' is clicked on

2025-09-26 19:43:52 - [TEST_STEP][PASSED] - delay(2): Delayed 2 second(s)

2025-09-26 19:43:54 - [MESSAGE][PASSED] - Delayed 2 second(s)

2025-09-26 19:43:54 - [TEST_STEP][PASSED] - Start listener action : afterCase: null

2025-09-26 19:43:54 - [TEST_STEP][PASSED] - println("=== AfterTestCase: " + testCaseContext.getTestCaseId() + " | Status: " + testCaseContext.getTestCaseStatus()): null

2025-09-26 19:43:54 - [TEST_STEP][PASSED] - if (!(isSuiteMode)): null]]></system-out>
         <system-err><![CDATA[]]></system-err>
      </testcase>
      <testcase name="Test Cases/Search by author book" time="3.004" classname="Test Cases/Search by author book" status="PASSED">
         <system-out><![CDATA[2025-09-26 19:43:54 - [TEST_CASE][PASSED] - Test Cases/Search by author book: Test Cases/Search by author book

2025-09-26 19:43:54 - [TEST_STEP][PASSED] - Start listener action : beforeCase: null

2025-09-26 19:43:54 - [TEST_STEP][PASSED] - if (!(isSuiteMode)): null

2025-09-26 19:43:54 - [TEST_STEP][PASSED] - else: null

2025-09-26 19:43:54 - [TEST_STEP][PASSED] - println("=== BeforeTestCase (suite): " + testCaseContext.getTestCaseId()): null

2025-09-26 19:43:54 - [TEST_STEP][PASSED] - setText(findTestObject("searchBar", ["index":index]), author): Text 'Paul Watson' is set on object 'Object Repository/searchBar'

2025-09-26 19:43:54 - [MESSAGE][PASSED] - Text 'Paul Watson' is set on object 'Object Repository/searchBar'

2025-09-26 19:43:54 - [TEST_STEP][PASSED] - verifyElementText(findTestObject("pid-author", ["index":index]), author): Actual text and expected text of test object 'Object Repository/pid-author' are matched.

2025-09-26 19:43:54 - [MESSAGE][PASSED] - Actual text and expected text of test object 'Object Repository/pid-author' are matched.

2025-09-26 19:43:54 - [TEST_STEP][PASSED] - click(findTestObject("pid-item", ["index":index])): Object: 'Object Repository/pid-item' is clicked on

2025-09-26 19:43:55 - [MESSAGE][PASSED] - Object: 'Object Repository/pid-item' is clicked on

2025-09-26 19:43:55 - [TEST_STEP][PASSED] - click(findTestObject("btn-clearText")): Object: 'Object Repository/btn-clearText' is clicked on

2025-09-26 19:43:55 - [MESSAGE][PASSED] - Object: 'Object Repository/btn-clearText' is clicked on

2025-09-26 19:43:55 - [TEST_STEP][PASSED] - delay(2): Delayed 2 second(s)

2025-09-26 19:43:57 - [MESSAGE][PASSED] - Delayed 2 second(s)

2025-09-26 19:43:57 - [TEST_STEP][PASSED] - Start listener action : afterCase: null

2025-09-26 19:43:57 - [TEST_STEP][PASSED] - println("=== AfterTestCase: " + testCaseContext.getTestCaseId() + " | Status: " + testCaseContext.getTestCaseStatus()): null

2025-09-26 19:43:57 - [TEST_STEP][PASSED] - if (!(isSuiteMode)): null]]></system-out>
         <system-err><![CDATA[]]></system-err>
      </testcase>
      <testcase name="Test Cases/Search by author book" time="2.957" classname="Test Cases/Search by author book" status="PASSED">
         <system-out><![CDATA[2025-09-26 19:43:57 - [TEST_CASE][PASSED] - Test Cases/Search by author book: Test Cases/Search by author book

2025-09-26 19:43:57 - [TEST_STEP][PASSED] - Start listener action : beforeCase: null

2025-09-26 19:43:57 - [TEST_STEP][PASSED] - if (!(isSuiteMode)): null

2025-09-26 19:43:57 - [TEST_STEP][PASSED] - else: null

2025-09-26 19:43:57 - [TEST_STEP][PASSED] - println("=== BeforeTestCase (suite): " + testCaseContext.getTestCaseId()): null

2025-09-26 19:43:57 - [TEST_STEP][PASSED] - setText(findTestObject("searchBar", ["index":index]), author): Text 'Seb Rose' is set on object 'Object Repository/searchBar'

2025-09-26 19:43:57 - [MESSAGE][PASSED] - Text 'Seb Rose' is set on object 'Object Repository/searchBar'

2025-09-26 19:43:57 - [TEST_STEP][PASSED] - verifyElementText(findTestObject("pid-author", ["index":index]), author): Actual text and expected text of test object 'Object Repository/pid-author' are matched.

2025-09-26 19:43:58 - [MESSAGE][PASSED] - Actual text and expected text of test object 'Object Repository/pid-author' are matched.

2025-09-26 19:43:58 - [TEST_STEP][PASSED] - click(findTestObject("pid-item", ["index":index])): Object: 'Object Repository/pid-item' is clicked on

2025-09-26 19:43:58 - [MESSAGE][PASSED] - Object: 'Object Repository/pid-item' is clicked on

2025-09-26 19:43:58 - [TEST_STEP][PASSED] - click(findTestObject("btn-clearText")): Object: 'Object Repository/btn-clearText' is clicked on

2025-09-26 19:43:58 - [MESSAGE][PASSED] - Object: 'Object Repository/btn-clearText' is clicked on

2025-09-26 19:43:58 - [TEST_STEP][PASSED] - delay(2): Delayed 2 second(s)

2025-09-26 19:44:00 - [MESSAGE][PASSED] - Delayed 2 second(s)

2025-09-26 19:44:00 - [TEST_STEP][PASSED] - Start listener action : afterCase: null

2025-09-26 19:44:00 - [TEST_STEP][PASSED] - println("=== AfterTestCase: " + testCaseContext.getTestCaseId() + " | Status: " + testCaseContext.getTestCaseStatus()): null

2025-09-26 19:44:00 - [TEST_STEP][PASSED] - if (!(isSuiteMode)): null]]></system-out>
         <system-err><![CDATA[]]></system-err>
      </testcase>
      <testcase name="Test Cases/Search by author book" time="2.942" classname="Test Cases/Search by author book" status="PASSED">
         <system-out><![CDATA[2025-09-26 19:44:00 - [TEST_CASE][PASSED] - Test Cases/Search by author book: Test Cases/Search by author book

2025-09-26 19:44:00 - [TEST_STEP][PASSED] - Start listener action : beforeCase: null

2025-09-26 19:44:00 - [TEST_STEP][PASSED] - if (!(isSuiteMode)): null

2025-09-26 19:44:00 - [TEST_STEP][PASSED] - else: null

2025-09-26 19:44:00 - [TEST_STEP][PASSED] - println("=== BeforeTestCase (suite): " + testCaseContext.getTestCaseId()): null

2025-09-26 19:44:00 - [TEST_STEP][PASSED] - setText(findTestObject("searchBar", ["index":index]), author): Text 'John Ferguson Smart' is set on object 'Object Repository/searchBar'

2025-09-26 19:44:00 - [MESSAGE][PASSED] - Text 'John Ferguson Smart' is set on object 'Object Repository/searchBar'

2025-09-26 19:44:00 - [TEST_STEP][PASSED] - verifyElementText(findTestObject("pid-author", ["index":index]), author): Actual text and expected text of test object 'Object Repository/pid-author' are matched.

2025-09-26 19:44:01 - [MESSAGE][PASSED] - Actual text and expected text of test object 'Object Repository/pid-author' are matched.

2025-09-26 19:44:01 - [TEST_STEP][PASSED] - click(findTestObject("pid-item", ["index":index])): Object: 'Object Repository/pid-item' is clicked on

2025-09-26 19:44:01 - [MESSAGE][PASSED] - Object: 'Object Repository/pid-item' is clicked on

2025-09-26 19:44:01 - [TEST_STEP][PASSED] - click(findTestObject("btn-clearText")): Object: 'Object Repository/btn-clearText' is clicked on

2025-09-26 19:44:01 - [MESSAGE][PASSED] - Object: 'Object Repository/btn-clearText' is clicked on

2025-09-26 19:44:01 - [TEST_STEP][PASSED] - delay(2): Delayed 2 second(s)

2025-09-26 19:44:03 - [MESSAGE][PASSED] - Delayed 2 second(s)

2025-09-26 19:44:03 - [TEST_STEP][PASSED] - Start listener action : afterCase: null

2025-09-26 19:44:03 - [TEST_STEP][PASSED] - println("=== AfterTestCase: " + testCaseContext.getTestCaseId() + " | Status: " + testCaseContext.getTestCaseStatus()): null

2025-09-26 19:44:03 - [TEST_STEP][PASSED] - if (!(isSuiteMode)): null]]></system-out>
         <system-err><![CDATA[]]></system-err>
      </testcase>
      <testcase name="Test Cases/Search by price book" time="3.278" classname="Test Cases/Search by price book" status="PASSED">
         <system-out><![CDATA[2025-09-26 19:44:03 - [TEST_CASE][PASSED] - Test Cases/Search by price book: Test Cases/Search by price book

2025-09-26 19:44:03 - [TEST_STEP][PASSED] - Start listener action : beforeCase: null

2025-09-26 19:44:03 - [TEST_STEP][PASSED] - if (!(isSuiteMode)): null

2025-09-26 19:44:03 - [TEST_STEP][PASSED] - else: null

2025-09-26 19:44:03 - [TEST_STEP][PASSED] - println("=== BeforeTestCase (suite): " + testCaseContext.getTestCaseId()): null

2025-09-26 19:44:03 - [TEST_STEP][PASSED] - setText(findTestObject("searchBar", ["index":index]), price): Text '$9.99' is set on object 'Object Repository/searchBar'

2025-09-26 19:44:04 - [MESSAGE][PASSED] - Text '$9.99' is set on object 'Object Repository/searchBar'

2025-09-26 19:44:04 - [TEST_STEP][PASSED] - verifyElementText(findTestObject("pid-price", ["index":index]), price): Actual text and expected text of test object 'Object Repository/pid-price' are matched.

2025-09-26 19:44:04 - [MESSAGE][PASSED] - Actual text and expected text of test object 'Object Repository/pid-price' are matched.

2025-09-26 19:44:04 - [TEST_STEP][PASSED] - click(findTestObject("pid-item", ["index":index])): Object: 'Object Repository/pid-item' is clicked on

2025-09-26 19:44:04 - [MESSAGE][PASSED] - Object: 'Object Repository/pid-item' is clicked on

2025-09-26 19:44:04 - [TEST_STEP][PASSED] - click(findTestObject("btn-clearText")): Object: 'Object Repository/btn-clearText' is clicked on

2025-09-26 19:44:04 - [MESSAGE][PASSED] - Object: 'Object Repository/btn-clearText' is clicked on

2025-09-26 19:44:04 - [TEST_STEP][PASSED] - delay(2): Delayed 2 second(s)

2025-09-26 19:44:06 - [MESSAGE][PASSED] - Delayed 2 second(s)

2025-09-26 19:44:06 - [TEST_STEP][PASSED] - Start listener action : afterCase: null

2025-09-26 19:44:06 - [TEST_STEP][PASSED] - println("=== AfterTestCase: " + testCaseContext.getTestCaseId() + " | Status: " + testCaseContext.getTestCaseStatus()): null

2025-09-26 19:44:06 - [TEST_STEP][PASSED] - if (!(isSuiteMode)): null]]></system-out>
         <system-err><![CDATA[]]></system-err>
      </testcase>
      <testcase name="Test Cases/Search by price book" time="3.034" classname="Test Cases/Search by price book" status="PASSED">
         <system-out><![CDATA[2025-09-26 19:44:06 - [TEST_CASE][PASSED] - Test Cases/Search by price book: Test Cases/Search by price book

2025-09-26 19:44:06 - [TEST_STEP][PASSED] - Start listener action : beforeCase: null

2025-09-26 19:44:06 - [TEST_STEP][PASSED] - if (!(isSuiteMode)): null

2025-09-26 19:44:06 - [TEST_STEP][PASSED] - else: null

2025-09-26 19:44:06 - [TEST_STEP][PASSED] - println("=== BeforeTestCase (suite): " + testCaseContext.getTestCaseId()): null

2025-09-26 19:44:06 - [TEST_STEP][PASSED] - setText(findTestObject("searchBar", ["index":index]), price): Text '$44.09' is set on object 'Object Repository/searchBar'

2025-09-26 19:44:07 - [MESSAGE][PASSED] - Text '$44.09' is set on object 'Object Repository/searchBar'

2025-09-26 19:44:07 - [TEST_STEP][PASSED] - verifyElementText(findTestObject("pid-price", ["index":index]), price): Actual text and expected text of test object 'Object Repository/pid-price' are matched.

2025-09-26 19:44:07 - [MESSAGE][PASSED] - Actual text and expected text of test object 'Object Repository/pid-price' are matched.

2025-09-26 19:44:07 - [TEST_STEP][PASSED] - click(findTestObject("pid-item", ["index":index])): Object: 'Object Repository/pid-item' is clicked on

2025-09-26 19:44:07 - [MESSAGE][PASSED] - Object: 'Object Repository/pid-item' is clicked on

2025-09-26 19:44:07 - [TEST_STEP][PASSED] - click(findTestObject("btn-clearText")): Object: 'Object Repository/btn-clearText' is clicked on

2025-09-26 19:44:07 - [MESSAGE][PASSED] - Object: 'Object Repository/btn-clearText' is clicked on

2025-09-26 19:44:07 - [TEST_STEP][PASSED] - delay(2): Delayed 2 second(s)

2025-09-26 19:44:09 - [MESSAGE][PASSED] - Delayed 2 second(s)

2025-09-26 19:44:09 - [TEST_STEP][PASSED] - Start listener action : afterCase: null

2025-09-26 19:44:09 - [TEST_STEP][PASSED] - println("=== AfterTestCase: " + testCaseContext.getTestCaseId() + " | Status: " + testCaseContext.getTestCaseStatus()): null

2025-09-26 19:44:09 - [TEST_STEP][PASSED] - if (!(isSuiteMode)): null]]></system-out>
         <system-err><![CDATA[]]></system-err>
      </testcase>
      <testcase name="Test Cases/Search by price book" time="2.953" classname="Test Cases/Search by price book" status="PASSED">
         <system-out><![CDATA[2025-09-26 19:44:09 - [TEST_CASE][PASSED] - Test Cases/Search by price book: Test Cases/Search by price book

2025-09-26 19:44:09 - [TEST_STEP][PASSED] - Start listener action : beforeCase: null

2025-09-26 19:44:09 - [TEST_STEP][PASSED] - if (!(isSuiteMode)): null

2025-09-26 19:44:09 - [TEST_STEP][PASSED] - else: null

2025-09-26 19:44:09 - [TEST_STEP][PASSED] - println("=== BeforeTestCase (suite): " + testCaseContext.getTestCaseId()): null

2025-09-26 19:44:09 - [TEST_STEP][PASSED] - setText(findTestObject("searchBar", ["index":index]), price): Text '$49.07' is set on object 'Object Repository/searchBar'

2025-09-26 19:44:10 - [MESSAGE][PASSED] - Text '$49.07' is set on object 'Object Repository/searchBar'

2025-09-26 19:44:10 - [TEST_STEP][PASSED] - verifyElementText(findTestObject("pid-price", ["index":index]), price): Actual text and expected text of test object 'Object Repository/pid-price' are matched.

2025-09-26 19:44:10 - [MESSAGE][PASSED] - Actual text and expected text of test object 'Object Repository/pid-price' are matched.

2025-09-26 19:44:10 - [TEST_STEP][PASSED] - click(findTestObject("pid-item", ["index":index])): Object: 'Object Repository/pid-item' is clicked on

2025-09-26 19:44:10 - [MESSAGE][PASSED] - Object: 'Object Repository/pid-item' is clicked on

2025-09-26 19:44:10 - [TEST_STEP][PASSED] - click(findTestObject("btn-clearText")): Object: 'Object Repository/btn-clearText' is clicked on

2025-09-26 19:44:10 - [MESSAGE][PASSED] - Object: 'Object Repository/btn-clearText' is clicked on

2025-09-26 19:44:10 - [TEST_STEP][PASSED] - delay(2): Delayed 2 second(s)

2025-09-26 19:44:12 - [MESSAGE][PASSED] - Delayed 2 second(s)

2025-09-26 19:44:12 - [TEST_STEP][PASSED] - Start listener action : afterCase: null

2025-09-26 19:44:12 - [TEST_STEP][PASSED] - println("=== AfterTestCase: " + testCaseContext.getTestCaseId() + " | Status: " + testCaseContext.getTestCaseStatus()): null

2025-09-26 19:44:12 - [TEST_STEP][PASSED] - if (!(isSuiteMode)): null]]></system-out>
         <system-err><![CDATA[]]></system-err>
      </testcase>
      <testcase name="Test Cases/Search by price book" time="2.957" classname="Test Cases/Search by price book" status="PASSED">
         <system-out><![CDATA[2025-09-26 19:44:12 - [TEST_CASE][PASSED] - Test Cases/Search by price book: Test Cases/Search by price book

2025-09-26 19:44:12 - [TEST_STEP][PASSED] - Start listener action : beforeCase: null

2025-09-26 19:44:12 - [TEST_STEP][PASSED] - if (!(isSuiteMode)): null

2025-09-26 19:44:12 - [TEST_STEP][PASSED] - else: null

2025-09-26 19:44:12 - [TEST_STEP][PASSED] - println("=== BeforeTestCase (suite): " + testCaseContext.getTestCaseId()): null

2025-09-26 19:44:12 - [TEST_STEP][PASSED] - setText(findTestObject("searchBar", ["index":index]), price): Text '$31.67' is set on object 'Object Repository/searchBar'

2025-09-26 19:44:13 - [MESSAGE][PASSED] - Text '$31.67' is set on object 'Object Repository/searchBar'

2025-09-26 19:44:13 - [TEST_STEP][PASSED] - verifyElementText(findTestObject("pid-price", ["index":index]), price): Actual text and expected text of test object 'Object Repository/pid-price' are matched.

2025-09-26 19:44:13 - [MESSAGE][PASSED] - Actual text and expected text of test object 'Object Repository/pid-price' are matched.

2025-09-26 19:44:13 - [TEST_STEP][PASSED] - click(findTestObject("pid-item", ["index":index])): Object: 'Object Repository/pid-item' is clicked on

2025-09-26 19:44:13 - [MESSAGE][PASSED] - Object: 'Object Repository/pid-item' is clicked on

2025-09-26 19:44:13 - [TEST_STEP][PASSED] - click(findTestObject("btn-clearText")): Object: 'Object Repository/btn-clearText' is clicked on

2025-09-26 19:44:13 - [MESSAGE][PASSED] - Object: 'Object Repository/btn-clearText' is clicked on

2025-09-26 19:44:13 - [TEST_STEP][PASSED] - delay(2): Delayed 2 second(s)

2025-09-26 19:44:15 - [MESSAGE][PASSED] - Delayed 2 second(s)

2025-09-26 19:44:15 - [TEST_STEP][PASSED] - Start listener action : afterCase: null

2025-09-26 19:44:15 - [TEST_STEP][PASSED] - println("=== AfterTestCase: " + testCaseContext.getTestCaseId() + " | Status: " + testCaseContext.getTestCaseStatus()): null

2025-09-26 19:44:15 - [TEST_STEP][PASSED] - if (!(isSuiteMode)): null]]></system-out>
         <system-err><![CDATA[]]></system-err>
      </testcase>
      <testcase name="Test Cases/Search by price book" time="2.847" classname="Test Cases/Search by price book" status="PASSED">
         <system-out><![CDATA[2025-09-26 19:44:15 - [TEST_CASE][PASSED] - Test Cases/Search by price book: Test Cases/Search by price book

2025-09-26 19:44:15 - [TEST_STEP][PASSED] - Start listener action : beforeCase: null

2025-09-26 19:44:15 - [TEST_STEP][PASSED] - if (!(isSuiteMode)): null

2025-09-26 19:44:15 - [TEST_STEP][PASSED] - else: null

2025-09-26 19:44:15 - [TEST_STEP][PASSED] - println("=== BeforeTestCase (suite): " + testCaseContext.getTestCaseId()): null

2025-09-26 19:44:15 - [TEST_STEP][PASSED] - setText(findTestObject("searchBar", ["index":index]), price): Text '$29.99' is set on object 'Object Repository/searchBar'

2025-09-26 19:44:16 - [MESSAGE][PASSED] - Text '$29.99' is set on object 'Object Repository/searchBar'

2025-09-26 19:44:16 - [TEST_STEP][PASSED] - verifyElementText(findTestObject("pid-price", ["index":index]), price): Actual text and expected text of test object 'Object Repository/pid-price' are matched.

2025-09-26 19:44:16 - [MESSAGE][PASSED] - Actual text and expected text of test object 'Object Repository/pid-price' are matched.

2025-09-26 19:44:16 - [TEST_STEP][PASSED] - click(findTestObject("pid-item", ["index":index])): Object: 'Object Repository/pid-item' is clicked on

2025-09-26 19:44:16 - [MESSAGE][PASSED] - Object: 'Object Repository/pid-item' is clicked on

2025-09-26 19:44:16 - [TEST_STEP][PASSED] - click(findTestObject("btn-clearText")): Object: 'Object Repository/btn-clearText' is clicked on

2025-09-26 19:44:16 - [MESSAGE][PASSED] - Object: 'Object Repository/btn-clearText' is clicked on

2025-09-26 19:44:16 - [TEST_STEP][PASSED] - delay(2): Delayed 2 second(s)

2025-09-26 19:44:18 - [MESSAGE][PASSED] - Delayed 2 second(s)

2025-09-26 19:44:18 - [TEST_STEP][PASSED] - Start listener action : afterCase: null

2025-09-26 19:44:18 - [TEST_STEP][PASSED] - println("=== AfterTestCase: " + testCaseContext.getTestCaseId() + " | Status: " + testCaseContext.getTestCaseStatus()): null

2025-09-26 19:44:18 - [TEST_STEP][PASSED] - if (!(isSuiteMode)): null]]></system-out>
         <system-err><![CDATA[]]></system-err>
      </testcase>
      <testcase name="Test Cases/Search by price book" time="2.934" classname="Test Cases/Search by price book" status="PASSED">
         <system-out><![CDATA[2025-09-26 19:44:18 - [TEST_CASE][PASSED] - Test Cases/Search by price book: Test Cases/Search by price book

2025-09-26 19:44:18 - [TEST_STEP][PASSED] - Start listener action : beforeCase: null

2025-09-26 19:44:18 - [TEST_STEP][PASSED] - if (!(isSuiteMode)): null

2025-09-26 19:44:18 - [TEST_STEP][PASSED] - else: null

2025-09-26 19:44:18 - [TEST_STEP][PASSED] - println("=== BeforeTestCase (suite): " + testCaseContext.getTestCaseId()): null

2025-09-26 19:44:18 - [TEST_STEP][PASSED] - setText(findTestObject("searchBar", ["index":index]), price): Text '$29.99' is set on object 'Object Repository/searchBar'

2025-09-26 19:44:19 - [MESSAGE][PASSED] - Text '$29.99' is set on object 'Object Repository/searchBar'

2025-09-26 19:44:19 - [TEST_STEP][PASSED] - verifyElementText(findTestObject("pid-price", ["index":index]), price): Actual text and expected text of test object 'Object Repository/pid-price' are matched.

2025-09-26 19:44:19 - [MESSAGE][PASSED] - Actual text and expected text of test object 'Object Repository/pid-price' are matched.

2025-09-26 19:44:19 - [TEST_STEP][PASSED] - click(findTestObject("pid-item", ["index":index])): Object: 'Object Repository/pid-item' is clicked on

2025-09-26 19:44:19 - [MESSAGE][PASSED] - Object: 'Object Repository/pid-item' is clicked on

2025-09-26 19:44:19 - [TEST_STEP][PASSED] - click(findTestObject("btn-clearText")): Object: 'Object Repository/btn-clearText' is clicked on

2025-09-26 19:44:19 - [MESSAGE][PASSED] - Object: 'Object Repository/btn-clearText' is clicked on

2025-09-26 19:44:19 - [TEST_STEP][PASSED] - delay(2): Delayed 2 second(s)

2025-09-26 19:44:21 - [MESSAGE][PASSED] - Delayed 2 second(s)

2025-09-26 19:44:21 - [TEST_STEP][PASSED] - Start listener action : afterCase: null

2025-09-26 19:44:21 - [TEST_STEP][PASSED] - println("=== AfterTestCase: " + testCaseContext.getTestCaseId() + " | Status: " + testCaseContext.getTestCaseStatus()): null

2025-09-26 19:44:21 - [TEST_STEP][PASSED] - if (!(isSuiteMode)): null]]></system-out>
         <system-err><![CDATA[]]></system-err>
      </testcase>
      <testcase name="Test Cases/Search by price book" time="2.947" classname="Test Cases/Search by price book" status="PASSED">
         <system-out><![CDATA[2025-09-26 19:44:21 - [TEST_CASE][PASSED] - Test Cases/Search by price book: Test Cases/Search by price book

2025-09-26 19:44:21 - [TEST_STEP][PASSED] - Start listener action : beforeCase: null

2025-09-26 19:44:21 - [TEST_STEP][PASSED] - if (!(isSuiteMode)): null

2025-09-26 19:44:21 - [TEST_STEP][PASSED] - else: null

2025-09-26 19:44:21 - [TEST_STEP][PASSED] - println("=== BeforeTestCase (suite): " + testCaseContext.getTestCaseId()): null

2025-09-26 19:44:21 - [TEST_STEP][PASSED] - setText(findTestObject("searchBar", ["index":index]), price): Text '$34.99' is set on object 'Object Repository/searchBar'

2025-09-26 19:44:22 - [MESSAGE][PASSED] - Text '$34.99' is set on object 'Object Repository/searchBar'

2025-09-26 19:44:22 - [TEST_STEP][PASSED] - verifyElementText(findTestObject("pid-price", ["index":index]), price): Actual text and expected text of test object 'Object Repository/pid-price' are matched.

2025-09-26 19:44:22 - [MESSAGE][PASSED] - Actual text and expected text of test object 'Object Repository/pid-price' are matched.

2025-09-26 19:44:22 - [TEST_STEP][PASSED] - click(findTestObject("pid-item", ["index":index])): Object: 'Object Repository/pid-item' is clicked on

2025-09-26 19:44:22 - [MESSAGE][PASSED] - Object: 'Object Repository/pid-item' is clicked on

2025-09-26 19:44:22 - [TEST_STEP][PASSED] - click(findTestObject("btn-clearText")): Object: 'Object Repository/btn-clearText' is clicked on

2025-09-26 19:44:22 - [MESSAGE][PASSED] - Object: 'Object Repository/btn-clearText' is clicked on

2025-09-26 19:44:22 - [TEST_STEP][PASSED] - delay(2): Delayed 2 second(s)

2025-09-26 19:44:24 - [MESSAGE][PASSED] - Delayed 2 second(s)

2025-09-26 19:44:24 - [TEST_STEP][PASSED] - Start listener action : afterCase: null

2025-09-26 19:44:24 - [TEST_STEP][PASSED] - println("=== AfterTestCase: " + testCaseContext.getTestCaseId() + " | Status: " + testCaseContext.getTestCaseStatus()): null

2025-09-26 19:44:24 - [TEST_STEP][PASSED] - if (!(isSuiteMode)): null]]></system-out>
         <system-err><![CDATA[]]></system-err>
      </testcase>
      <testcase name="Test Cases/Search by price book" time="2.936" classname="Test Cases/Search by price book" status="PASSED">
         <system-out><![CDATA[2025-09-26 19:44:24 - [TEST_CASE][PASSED] - Test Cases/Search by price book: Test Cases/Search by price book

2025-09-26 19:44:24 - [TEST_STEP][PASSED] - Start listener action : beforeCase: null

2025-09-26 19:44:24 - [TEST_STEP][PASSED] - if (!(isSuiteMode)): null

2025-09-26 19:44:24 - [TEST_STEP][PASSED] - else: null

2025-09-26 19:44:24 - [TEST_STEP][PASSED] - println("=== BeforeTestCase (suite): " + testCaseContext.getTestCaseId()): null

2025-09-26 19:44:24 - [TEST_STEP][PASSED] - setText(findTestObject("searchBar", ["index":index]), price): Text '$40.31' is set on object 'Object Repository/searchBar'

2025-09-26 19:44:25 - [MESSAGE][PASSED] - Text '$40.31' is set on object 'Object Repository/searchBar'

2025-09-26 19:44:25 - [TEST_STEP][PASSED] - verifyElementText(findTestObject("pid-price", ["index":index]), price): Actual text and expected text of test object 'Object Repository/pid-price' are matched.

2025-09-26 19:44:25 - [MESSAGE][PASSED] - Actual text and expected text of test object 'Object Repository/pid-price' are matched.

2025-09-26 19:44:25 - [TEST_STEP][PASSED] - click(findTestObject("pid-item", ["index":index])): Object: 'Object Repository/pid-item' is clicked on

2025-09-26 19:44:25 - [MESSAGE][PASSED] - Object: 'Object Repository/pid-item' is clicked on

2025-09-26 19:44:25 - [TEST_STEP][PASSED] - click(findTestObject("btn-clearText")): Object: 'Object Repository/btn-clearText' is clicked on

2025-09-26 19:44:25 - [MESSAGE][PASSED] - Object: 'Object Repository/btn-clearText' is clicked on

2025-09-26 19:44:25 - [TEST_STEP][PASSED] - delay(2): Delayed 2 second(s)

2025-09-26 19:44:27 - [MESSAGE][PASSED] - Delayed 2 second(s)

2025-09-26 19:44:27 - [TEST_STEP][PASSED] - Start listener action : afterCase: null

2025-09-26 19:44:27 - [TEST_STEP][PASSED] - println("=== AfterTestCase: " + testCaseContext.getTestCaseId() + " | Status: " + testCaseContext.getTestCaseStatus()): null

2025-09-26 19:44:27 - [TEST_STEP][PASSED] - if (!(isSuiteMode)): null]]></system-out>
         <system-err><![CDATA[]]></system-err>
      </testcase>
      <system-out><![CDATA[2025-09-26 19:43:09 - [TEST_SUITE][PASSED] - Search feature: Test Cases/Search by price book]]></system-out>
      <system-err><![CDATA[]]></system-err>
   </testsuite>
</testsuites>
