<?xml version="1.0" encoding="UTF-8"?>
<testsuites name="Detail books one by one" time="94.096" tests="8" failures="0" errors="0">
   <testsuite name="Detail books one by one" tests="8" failures="0" errors="0" time="94.096" skipped="0" timestamp="2025-10-05 17:53:45" hostname="rilaa - JustR" id="Test Suites/Detail books one by one">
      <properties>
         <property name="deviceName" value=""/>
         <property name="devicePlatform" value=""/>
         <property name="logFolder" value="D:\\Ra\\Katalon\\Automation bookstore\\Reports\\20251005_175330\\Detail books one by one\\20251005_175331"/>
         <property name="logFiles" value="D:\\Ra\\Katalon\\Automation bookstore\\Reports\\20251005_175330\\Detail books one by one\\20251005_175331\\execution0.log"/>
         <property name="attachments" value=""/>
         <property name="hostName" value="rilaa - JustR"/>
         <property name="os" value="Windows 10 64bit"/>
         <property name="katalonVersion" value="8.3.0.208"/>
         <property name="browser" value="Chrome 140.0.0.0"/>
         <property name="hostAddress" value="192.168.0.116"/>
         <property name="sessionId" value="d97cf4dfed2bdc5d2c4c5bae0c62cfc0"/>
         <property name="seleniumVersion" value="3.141.59"/>
         <property name="proxyInformation" value="ProxyInformation { proxyOption=NO_PROXY, proxyServerType=HTTP, username=, password=********, proxyServerAddress=, proxyServerPort=0, executionList=&quot;&quot;, isApplyToDesiredCapabilities=true }"/>
         <property name="platform" value="Windows 10"/>
      </properties>
      <testcase name="Test Cases/Visible item one by one/Visible Detail Book - Test Automation in the Real World" time="11.256" classname="Test Cases/Visible item one by one/Visible Detail Book - Test Automation in the Real World" status="PASSED">
         <system-out><![CDATA[2025-10-05 17:53:46 - [TEST_CASE][PASSED] - Test Cases/Visible item one by one/Visible Detail Book - Test Automation in the Real World: Test Cases/Visible item one by one/Visible Detail Book - Test Automation in the Real World

2025-10-05 17:53:46 - [TEST_STEP][PASSED] - Start listener action : beforeCase: Navigate to 'https://automationbookstore.dev/' successfully

2025-10-05 17:53:46 - [TEST_STEP][PASSED] - if (!(isSuiteMode)): Navigate to 'https://automationbookstore.dev/' successfully

2025-10-05 17:53:46 - [TEST_STEP][PASSED] - println("=== BeforeTestCase (standalone/excluded): " + testCaseContext.getTestCaseId()): null

2025-10-05 17:53:46 - [TEST_STEP][PASSED] - openBrowser(""): Browser is opened with url: ''

2025-10-05 17:53:46 - [MESSAGE][INFO] - Starting 'Chrome' driver

2025-10-05 17:53:46 - [MESSAGE][INFO] - Action delay is set to 0 milliseconds

2025-10-05 17:53:49 - [MESSAGE][PASSED] - Browser is opened with url: ''

2025-10-05 17:53:49 - [TEST_STEP][PASSED] - navigateToUrl(baseUrl): Navigate to 'https://automationbookstore.dev/' successfully

2025-10-05 17:53:51 - [MESSAGE][PASSED] - Navigate to 'https://automationbookstore.dev/' successfully

2025-10-05 17:53:51 - [TEST_STEP][PASSED] - openBrowser(""): Browser is opened with url: ''

2025-10-05 17:53:52 - [MESSAGE][WARNING] - A browser is already opened. Closing browser and opening a new one

2025-10-05 17:53:52 - [MESSAGE][INFO] - Starting 'Chrome' driver

2025-10-05 17:53:52 - [MESSAGE][INFO] - Action delay is set to 0 milliseconds

2025-10-05 17:53:54 - [MESSAGE][PASSED] - Browser is opened with url: ''

2025-10-05 17:53:54 - [TEST_STEP][PASSED] - navigateToUrl(baseUrl): Navigate to 'https://automationbookstore.dev/' successfully

2025-10-05 17:53:55 - [MESSAGE][PASSED] - Navigate to 'https://automationbookstore.dev/' successfully

2025-10-05 17:53:55 - [TEST_STEP][PASSED] - verifyElementText(findTestObject("pid-title", ["index":"1"]), "Test Automation in the Real World"): Actual text and expected text of test object 'Object Repository/pid-title' are matched.

2025-10-05 17:53:56 - [MESSAGE][PASSED] - Actual text and expected text of test object 'Object Repository/pid-title' are matched.

2025-10-05 17:53:56 - [TEST_STEP][PASSED] - verifyElementText(findTestObject("pid-author", ["index":"1"]), "Greg Paskal"): Actual text and expected text of test object 'Object Repository/pid-author' are matched.

2025-10-05 17:53:56 - [MESSAGE][PASSED] - Actual text and expected text of test object 'Object Repository/pid-author' are matched.

2025-10-05 17:53:56 - [TEST_STEP][PASSED] - verifyElementText(findTestObject("pid-price", ["index":"1"]), "$9.99"): Actual text and expected text of test object 'Object Repository/pid-price' are matched.

2025-10-05 17:53:56 - [MESSAGE][PASSED] - Actual text and expected text of test object 'Object Repository/pid-price' are matched.

2025-10-05 17:53:56 - [TEST_STEP][PASSED] - click(findTestObject("Bookstore Library/pid1-item")): Object: 'Object Repository/Bookstore Library/pid1-item' is clicked on

2025-10-05 17:53:56 - [MESSAGE][PASSED] - Object: 'Object Repository/Bookstore Library/pid1-item' is clicked on

2025-10-05 17:53:56 - [TEST_STEP][PASSED] - closeBrowser(): Browser is closed

2025-10-05 17:53:57 - [MESSAGE][PASSED] - Browser is closed

2025-10-05 17:53:57 - [TEST_STEP][PASSED] - Start listener action : afterCase: Browser is closed

2025-10-05 17:53:57 - [TEST_STEP][PASSED] - println("=== AfterTestCase: " + testCaseContext.getTestCaseId() + " | Status: " + testCaseContext.getTestCaseStatus()): null

2025-10-05 17:53:57 - [TEST_STEP][PASSED] - if (!(isSuiteMode)): Browser is closed

2025-10-05 17:53:57 - [TEST_STEP][PASSED] - if (getWebDriver() != null): Browser is closed

2025-10-05 17:53:57 - [TEST_STEP][PASSED] - closeBrowser(): Browser is closed

2025-10-05 17:53:57 - [MESSAGE][PASSED] - Browser is closed]]></system-out>
         <system-err><![CDATA[]]></system-err>
      </testcase>
      <testcase name="Test Cases/Visible item one by one/Visible Detail Book - Experiences of Test Automation" time="9.302" classname="Test Cases/Visible item one by one/Visible Detail Book - Experiences of Test Automation" status="PASSED">
         <system-out><![CDATA[2025-10-05 17:53:57 - [TEST_CASE][PASSED] - Test Cases/Visible item one by one/Visible Detail Book - Experiences of Test Automation: Test Cases/Visible item one by one/Visible Detail Book - Experiences of Test Automation

2025-10-05 17:53:57 - [TEST_STEP][PASSED] - Start listener action : beforeCase: Navigate to 'https://automationbookstore.dev/' successfully

2025-10-05 17:53:57 - [TEST_STEP][PASSED] - if (!(isSuiteMode)): Navigate to 'https://automationbookstore.dev/' successfully

2025-10-05 17:53:57 - [TEST_STEP][PASSED] - println("=== BeforeTestCase (standalone/excluded): " + testCaseContext.getTestCaseId()): null

2025-10-05 17:53:57 - [TEST_STEP][PASSED] - openBrowser(""): Browser is opened with url: ''

2025-10-05 17:53:57 - [MESSAGE][INFO] - Starting 'Chrome' driver

2025-10-05 17:53:57 - [MESSAGE][INFO] - Action delay is set to 0 milliseconds

2025-10-05 17:53:59 - [MESSAGE][PASSED] - Browser is opened with url: ''

2025-10-05 17:53:59 - [TEST_STEP][PASSED] - navigateToUrl(baseUrl): Navigate to 'https://automationbookstore.dev/' successfully

2025-10-05 17:54:00 - [MESSAGE][PASSED] - Navigate to 'https://automationbookstore.dev/' successfully

2025-10-05 17:54:01 - [TEST_STEP][PASSED] - openBrowser(""): Browser is opened with url: ''

2025-10-05 17:54:01 - [MESSAGE][WARNING] - A browser is already opened. Closing browser and opening a new one

2025-10-05 17:54:01 - [MESSAGE][INFO] - Starting 'Chrome' driver

2025-10-05 17:54:01 - [MESSAGE][INFO] - Action delay is set to 0 milliseconds

2025-10-05 17:54:03 - [MESSAGE][PASSED] - Browser is opened with url: ''

2025-10-05 17:54:03 - [TEST_STEP][PASSED] - navigateToUrl(baseUrl): Navigate to 'https://automationbookstore.dev/' successfully

2025-10-05 17:54:04 - [MESSAGE][PASSED] - Navigate to 'https://automationbookstore.dev/' successfully

2025-10-05 17:54:04 - [TEST_STEP][PASSED] - verifyElementText(findTestObject("pid-title", ["index":"2"]), "Experiences of Test Automation"): Actual text and expected text of test object 'Object Repository/pid-title' are matched.

2025-10-05 17:54:05 - [MESSAGE][PASSED] - Actual text and expected text of test object 'Object Repository/pid-title' are matched.

2025-10-05 17:54:05 - [TEST_STEP][PASSED] - verifyElementText(findTestObject("pid-author", ["index":"2"]), "Dorothy Graham and Mark Fewster"): Actual text and expected text of test object 'Object Repository/pid-author' are matched.

2025-10-05 17:54:05 - [MESSAGE][PASSED] - Actual text and expected text of test object 'Object Repository/pid-author' are matched.

2025-10-05 17:54:05 - [TEST_STEP][PASSED] - verifyElementText(findTestObject("pid-price", ["index":"2"]), "$44.09"): Actual text and expected text of test object 'Object Repository/pid-price' are matched.

2025-10-05 17:54:05 - [MESSAGE][PASSED] - Actual text and expected text of test object 'Object Repository/pid-price' are matched.

2025-10-05 17:54:05 - [TEST_STEP][PASSED] - click(findTestObject("Bookstore Library/pid2-item")): Object: 'Object Repository/Bookstore Library/pid2-item' is clicked on

2025-10-05 17:54:05 - [MESSAGE][PASSED] - Object: 'Object Repository/Bookstore Library/pid2-item' is clicked on

2025-10-05 17:54:05 - [TEST_STEP][PASSED] - closeBrowser(): Browser is closed

2025-10-05 17:54:06 - [MESSAGE][PASSED] - Browser is closed

2025-10-05 17:54:06 - [TEST_STEP][PASSED] - Start listener action : afterCase: Browser is closed

2025-10-05 17:54:06 - [TEST_STEP][PASSED] - println("=== AfterTestCase: " + testCaseContext.getTestCaseId() + " | Status: " + testCaseContext.getTestCaseStatus()): null

2025-10-05 17:54:06 - [TEST_STEP][PASSED] - if (!(isSuiteMode)): Browser is closed

2025-10-05 17:54:06 - [TEST_STEP][PASSED] - if (getWebDriver() != null): Browser is closed

2025-10-05 17:54:06 - [TEST_STEP][PASSED] - closeBrowser(): Browser is closed

2025-10-05 17:54:06 - [MESSAGE][PASSED] - Browser is closed]]></system-out>
         <system-err><![CDATA[]]></system-err>
      </testcase>
      <testcase name="Test Cases/Visible item one by one/Visible Detail Book - Agile Testing" time="10.482" classname="Test Cases/Visible item one by one/Visible Detail Book - Agile Testing" status="PASSED">
         <system-out><![CDATA[2025-10-05 17:54:06 - [TEST_CASE][PASSED] - Test Cases/Visible item one by one/Visible Detail Book - Agile Testing: Test Cases/Visible item one by one/Visible Detail Book - Agile Testing

2025-10-05 17:54:06 - [TEST_STEP][PASSED] - Start listener action : beforeCase: Navigate to 'https://automationbookstore.dev/' successfully

2025-10-05 17:54:06 - [TEST_STEP][PASSED] - if (!(isSuiteMode)): Navigate to 'https://automationbookstore.dev/' successfully

2025-10-05 17:54:06 - [TEST_STEP][PASSED] - println("=== BeforeTestCase (standalone/excluded): " + testCaseContext.getTestCaseId()): null

2025-10-05 17:54:06 - [TEST_STEP][PASSED] - openBrowser(""): Browser is opened with url: ''

2025-10-05 17:54:06 - [MESSAGE][INFO] - Starting 'Chrome' driver

2025-10-05 17:54:06 - [MESSAGE][INFO] - Action delay is set to 0 milliseconds

2025-10-05 17:54:08 - [MESSAGE][PASSED] - Browser is opened with url: ''

2025-10-05 17:54:08 - [TEST_STEP][PASSED] - navigateToUrl(baseUrl): Navigate to 'https://automationbookstore.dev/' successfully

2025-10-05 17:54:11 - [MESSAGE][PASSED] - Navigate to 'https://automationbookstore.dev/' successfully

2025-10-05 17:54:11 - [TEST_STEP][PASSED] - openBrowser(""): Browser is opened with url: ''

2025-10-05 17:54:11 - [MESSAGE][WARNING] - A browser is already opened. Closing browser and opening a new one

2025-10-05 17:54:12 - [MESSAGE][INFO] - Starting 'Chrome' driver

2025-10-05 17:54:12 - [MESSAGE][INFO] - Action delay is set to 0 milliseconds

2025-10-05 17:54:14 - [MESSAGE][PASSED] - Browser is opened with url: ''

2025-10-05 17:54:14 - [TEST_STEP][PASSED] - navigateToUrl(baseUrl): Navigate to 'https://automationbookstore.dev/' successfully

2025-10-05 17:54:15 - [MESSAGE][PASSED] - Navigate to 'https://automationbookstore.dev/' successfully

2025-10-05 17:54:15 - [TEST_STEP][PASSED] - verifyElementText(findTestObject("pid-title", ["index":"3"]), "Agile Testing"): Actual text and expected text of test object 'Object Repository/pid-title' are matched.

2025-10-05 17:54:16 - [MESSAGE][PASSED] - Actual text and expected text of test object 'Object Repository/pid-title' are matched.

2025-10-05 17:54:16 - [TEST_STEP][PASSED] - verifyElementText(findTestObject("pid-author", ["index":"3"]), "Lisa Crispin and Janet Gregory"): Actual text and expected text of test object 'Object Repository/pid-author' are matched.

2025-10-05 17:54:16 - [MESSAGE][PASSED] - Actual text and expected text of test object 'Object Repository/pid-author' are matched.

2025-10-05 17:54:16 - [TEST_STEP][PASSED] - verifyElementText(findTestObject("pid-price", ["index":"3"]), "$49.07"): Actual text and expected text of test object 'Object Repository/pid-price' are matched.

2025-10-05 17:54:16 - [MESSAGE][PASSED] - Actual text and expected text of test object 'Object Repository/pid-price' are matched.

2025-10-05 17:54:16 - [TEST_STEP][PASSED] - click(findTestObject("Bookstore Library/pid3-item")): Object: 'Object Repository/Bookstore Library/pid3-item' is clicked on

2025-10-05 17:54:16 - [MESSAGE][PASSED] - Object: 'Object Repository/Bookstore Library/pid3-item' is clicked on

2025-10-05 17:54:16 - [TEST_STEP][PASSED] - closeBrowser(): Browser is closed

2025-10-05 17:54:17 - [MESSAGE][PASSED] - Browser is closed

2025-10-05 17:54:17 - [TEST_STEP][PASSED] - Start listener action : afterCase: Browser is closed

2025-10-05 17:54:17 - [TEST_STEP][PASSED] - println("=== AfterTestCase: " + testCaseContext.getTestCaseId() + " | Status: " + testCaseContext.getTestCaseStatus()): null

2025-10-05 17:54:17 - [TEST_STEP][PASSED] - if (!(isSuiteMode)): Browser is closed

2025-10-05 17:54:17 - [TEST_STEP][PASSED] - if (getWebDriver() != null): Browser is closed

2025-10-05 17:54:17 - [TEST_STEP][PASSED] - closeBrowser(): Browser is closed

2025-10-05 17:54:17 - [MESSAGE][PASSED] - Browser is closed]]></system-out>
         <system-err><![CDATA[]]></system-err>
      </testcase>
      <testcase name="Test Cases/Visible item one by one/Visible Detail Book - How Google Tests Software" time="17.227" classname="Test Cases/Visible item one by one/Visible Detail Book - How Google Tests Software" status="PASSED">
         <system-out><![CDATA[2025-10-05 17:54:17 - [TEST_CASE][PASSED] - Test Cases/Visible item one by one/Visible Detail Book - How Google Tests Software: Test Cases/Visible item one by one/Visible Detail Book - How Google Tests Software

2025-10-05 17:54:17 - [TEST_STEP][PASSED] - Start listener action : beforeCase: Navigate to 'https://automationbookstore.dev/' successfully

2025-10-05 17:54:17 - [TEST_STEP][PASSED] - if (!(isSuiteMode)): Navigate to 'https://automationbookstore.dev/' successfully

2025-10-05 17:54:17 - [TEST_STEP][PASSED] - println("=== BeforeTestCase (standalone/excluded): " + testCaseContext.getTestCaseId()): null

2025-10-05 17:54:17 - [TEST_STEP][PASSED] - openBrowser(""): Browser is opened with url: ''

2025-10-05 17:54:17 - [MESSAGE][INFO] - Starting 'Chrome' driver

2025-10-05 17:54:17 - [MESSAGE][INFO] - Action delay is set to 0 milliseconds

2025-10-05 17:54:19 - [MESSAGE][PASSED] - Browser is opened with url: ''

2025-10-05 17:54:19 - [TEST_STEP][PASSED] - navigateToUrl(baseUrl): Navigate to 'https://automationbookstore.dev/' successfully

2025-10-05 17:54:19 - [MESSAGE][PASSED] - Navigate to 'https://automationbookstore.dev/' successfully

2025-10-05 17:54:19 - [TEST_STEP][PASSED] - openBrowser(""): Browser is opened with url: ''

2025-10-05 17:54:19 - [MESSAGE][WARNING] - A browser is already opened. Closing browser and opening a new one

2025-10-05 17:54:20 - [MESSAGE][INFO] - Starting 'Chrome' driver

2025-10-05 17:54:20 - [MESSAGE][INFO] - Action delay is set to 0 milliseconds

2025-10-05 17:54:22 - [MESSAGE][PASSED] - Browser is opened with url: ''

2025-10-05 17:54:22 - [TEST_STEP][PASSED] - navigateToUrl(baseUrl): Navigate to 'https://automationbookstore.dev/' successfully

2025-10-05 17:54:33 - [MESSAGE][PASSED] - Navigate to 'https://automationbookstore.dev/' successfully

2025-10-05 17:54:33 - [TEST_STEP][PASSED] - verifyElementText(findTestObject("pid-title", ["index":"4"]), "How Google Tests Software"): Actual text and expected text of test object 'Object Repository/pid-title' are matched.

2025-10-05 17:54:33 - [MESSAGE][PASSED] - Actual text and expected text of test object 'Object Repository/pid-title' are matched.

2025-10-05 17:54:33 - [TEST_STEP][PASSED] - verifyElementText(findTestObject("pid-author", ["index":"4"]), "James A. Whittaker, Jason Arbon, Jeff Carollo"): Actual text and expected text of test object 'Object Repository/pid-author' are matched.

2025-10-05 17:54:33 - [MESSAGE][PASSED] - Actual text and expected text of test object 'Object Repository/pid-author' are matched.

2025-10-05 17:54:33 - [TEST_STEP][PASSED] - verifyElementText(findTestObject("pid-price", ["index":"4"]), "$31.67"): Actual text and expected text of test object 'Object Repository/pid-price' are matched.

2025-10-05 17:54:33 - [MESSAGE][PASSED] - Actual text and expected text of test object 'Object Repository/pid-price' are matched.

2025-10-05 17:54:33 - [TEST_STEP][PASSED] - click(findTestObject("Bookstore Library/pid4-item")): Object: 'Object Repository/Bookstore Library/pid4-item' is clicked on

2025-10-05 17:54:33 - [MESSAGE][PASSED] - Object: 'Object Repository/Bookstore Library/pid4-item' is clicked on

2025-10-05 17:54:33 - [TEST_STEP][PASSED] - closeBrowser(): Browser is closed

2025-10-05 17:54:34 - [MESSAGE][PASSED] - Browser is closed

2025-10-05 17:54:34 - [TEST_STEP][PASSED] - Start listener action : afterCase: Browser is closed

2025-10-05 17:54:34 - [TEST_STEP][PASSED] - println("=== AfterTestCase: " + testCaseContext.getTestCaseId() + " | Status: " + testCaseContext.getTestCaseStatus()): null

2025-10-05 17:54:34 - [TEST_STEP][PASSED] - if (!(isSuiteMode)): Browser is closed

2025-10-05 17:54:34 - [TEST_STEP][PASSED] - if (getWebDriver() != null): Browser is closed

2025-10-05 17:54:34 - [TEST_STEP][PASSED] - closeBrowser(): Browser is closed

2025-10-05 17:54:34 - [MESSAGE][PASSED] - Browser is closed]]></system-out>
         <system-err><![CDATA[]]></system-err>
      </testcase>
      <testcase name="Test Cases/Visible item one by one/Visible Detail Book - Java For Testers" time="13.209" classname="Test Cases/Visible item one by one/Visible Detail Book - Java For Testers" status="PASSED">
         <system-out><![CDATA[2025-10-05 17:54:34 - [TEST_CASE][PASSED] - Test Cases/Visible item one by one/Visible Detail Book - Java For Testers: Test Cases/Visible item one by one/Visible Detail Book - Java For Testers

2025-10-05 17:54:34 - [TEST_STEP][PASSED] - Start listener action : beforeCase: Navigate to 'https://automationbookstore.dev/' successfully

2025-10-05 17:54:34 - [TEST_STEP][PASSED] - if (!(isSuiteMode)): Navigate to 'https://automationbookstore.dev/' successfully

2025-10-05 17:54:34 - [TEST_STEP][PASSED] - println("=== BeforeTestCase (standalone/excluded): " + testCaseContext.getTestCaseId()): null

2025-10-05 17:54:34 - [TEST_STEP][PASSED] - openBrowser(""): Browser is opened with url: ''

2025-10-05 17:54:34 - [MESSAGE][INFO] - Starting 'Chrome' driver

2025-10-05 17:54:34 - [MESSAGE][INFO] - Action delay is set to 0 milliseconds

2025-10-05 17:54:36 - [MESSAGE][PASSED] - Browser is opened with url: ''

2025-10-05 17:54:36 - [TEST_STEP][PASSED] - navigateToUrl(baseUrl): Navigate to 'https://automationbookstore.dev/' successfully

2025-10-05 17:54:40 - [MESSAGE][PASSED] - Navigate to 'https://automationbookstore.dev/' successfully

2025-10-05 17:54:41 - [TEST_STEP][PASSED] - openBrowser(""): Browser is opened with url: ''

2025-10-05 17:54:41 - [MESSAGE][WARNING] - A browser is already opened. Closing browser and opening a new one

2025-10-05 17:54:41 - [MESSAGE][INFO] - Starting 'Chrome' driver

2025-10-05 17:54:41 - [MESSAGE][INFO] - Action delay is set to 0 milliseconds

2025-10-05 17:54:44 - [MESSAGE][PASSED] - Browser is opened with url: ''

2025-10-05 17:54:44 - [TEST_STEP][PASSED] - navigateToUrl(baseUrl): Navigate to 'https://automationbookstore.dev/' successfully

2025-10-05 17:54:44 - [MESSAGE][PASSED] - Navigate to 'https://automationbookstore.dev/' successfully

2025-10-05 17:54:44 - [TEST_STEP][PASSED] - verifyElementText(findTestObject("pid-title", ["index":"5"]), "Java For Testers"): Actual text and expected text of test object 'Object Repository/pid-title' are matched.

2025-10-05 17:54:46 - [MESSAGE][PASSED] - Actual text and expected text of test object 'Object Repository/pid-title' are matched.

2025-10-05 17:54:46 - [TEST_STEP][PASSED] - verifyElementText(findTestObject("pid-author", ["index":"5"]), "Alan Richardson"): Actual text and expected text of test object 'Object Repository/pid-author' are matched.

2025-10-05 17:54:46 - [MESSAGE][PASSED] - Actual text and expected text of test object 'Object Repository/pid-author' are matched.

2025-10-05 17:54:46 - [TEST_STEP][PASSED] - verifyElementText(findTestObject("pid-price", ["index":"5"]), "$29.99"): Actual text and expected text of test object 'Object Repository/pid-price' are matched.

2025-10-05 17:54:46 - [MESSAGE][PASSED] - Actual text and expected text of test object 'Object Repository/pid-price' are matched.

2025-10-05 17:54:46 - [TEST_STEP][PASSED] - click(findTestObject("Bookstore Library/pid5-item")): Object: 'Object Repository/Bookstore Library/pid5-item' is clicked on

2025-10-05 17:54:46 - [MESSAGE][PASSED] - Object: 'Object Repository/Bookstore Library/pid5-item' is clicked on

2025-10-05 17:54:46 - [TEST_STEP][PASSED] - closeBrowser(): Browser is closed

2025-10-05 17:54:47 - [MESSAGE][PASSED] - Browser is closed

2025-10-05 17:54:47 - [TEST_STEP][PASSED] - Start listener action : afterCase: Browser is closed

2025-10-05 17:54:47 - [TEST_STEP][PASSED] - println("=== AfterTestCase: " + testCaseContext.getTestCaseId() + " | Status: " + testCaseContext.getTestCaseStatus()): null

2025-10-05 17:54:47 - [TEST_STEP][PASSED] - if (!(isSuiteMode)): Browser is closed

2025-10-05 17:54:47 - [TEST_STEP][PASSED] - if (getWebDriver() != null): Browser is closed

2025-10-05 17:54:47 - [TEST_STEP][PASSED] - closeBrowser(): Browser is closed

2025-10-05 17:54:47 - [MESSAGE][PASSED] - Browser is closed]]></system-out>
         <system-err><![CDATA[]]></system-err>
      </testcase>
      <testcase name="Test Cases/Visible item one by one/Visible Detail Book - Advanced Selenium in Java" time="11.448" classname="Test Cases/Visible item one by one/Visible Detail Book - Advanced Selenium in Java" status="PASSED">
         <system-out><![CDATA[2025-10-05 17:54:47 - [TEST_CASE][PASSED] - Test Cases/Visible item one by one/Visible Detail Book - Advanced Selenium in Java: Test Cases/Visible item one by one/Visible Detail Book - Advanced Selenium in Java

2025-10-05 17:54:47 - [TEST_STEP][PASSED] - Start listener action : beforeCase: Navigate to 'https://automationbookstore.dev/' successfully

2025-10-05 17:54:47 - [TEST_STEP][PASSED] - if (!(isSuiteMode)): Navigate to 'https://automationbookstore.dev/' successfully

2025-10-05 17:54:47 - [TEST_STEP][PASSED] - println("=== BeforeTestCase (standalone/excluded): " + testCaseContext.getTestCaseId()): null

2025-10-05 17:54:47 - [TEST_STEP][PASSED] - openBrowser(""): Browser is opened with url: ''

2025-10-05 17:54:47 - [MESSAGE][INFO] - Starting 'Chrome' driver

2025-10-05 17:54:47 - [MESSAGE][INFO] - Action delay is set to 0 milliseconds

2025-10-05 17:54:49 - [MESSAGE][PASSED] - Browser is opened with url: ''

2025-10-05 17:54:49 - [TEST_STEP][PASSED] - navigateToUrl(baseUrl): Navigate to 'https://automationbookstore.dev/' successfully

2025-10-05 17:54:53 - [MESSAGE][PASSED] - Navigate to 'https://automationbookstore.dev/' successfully

2025-10-05 17:54:53 - [TEST_STEP][PASSED] - openBrowser(""): Browser is opened with url: ''

2025-10-05 17:54:53 - [MESSAGE][WARNING] - A browser is already opened. Closing browser and opening a new one

2025-10-05 17:54:53 - [MESSAGE][INFO] - Starting 'Chrome' driver

2025-10-05 17:54:53 - [MESSAGE][INFO] - Action delay is set to 0 milliseconds

2025-10-05 17:54:55 - [MESSAGE][PASSED] - Browser is opened with url: ''

2025-10-05 17:54:55 - [TEST_STEP][PASSED] - navigateToUrl(baseUrl): Navigate to 'https://automationbookstore.dev/' successfully

2025-10-05 17:54:57 - [MESSAGE][PASSED] - Navigate to 'https://automationbookstore.dev/' successfully

2025-10-05 17:54:57 - [TEST_STEP][PASSED] - verifyElementText(findTestObject("pid-title", ["index":"6"]), "Advanced Selenium in Java"): Actual text and expected text of test object 'Object Repository/pid-title' are matched.

2025-10-05 17:54:58 - [MESSAGE][PASSED] - Actual text and expected text of test object 'Object Repository/pid-title' are matched.

2025-10-05 17:54:58 - [TEST_STEP][PASSED] - verifyElementText(findTestObject("pid-author", ["index":"6"]), "Paul Watson"): Actual text and expected text of test object 'Object Repository/pid-author' are matched.

2025-10-05 17:54:58 - [MESSAGE][PASSED] - Actual text and expected text of test object 'Object Repository/pid-author' are matched.

2025-10-05 17:54:58 - [TEST_STEP][PASSED] - verifyElementText(findTestObject("pid-price", ["index":"6"]), "$29.99"): Actual text and expected text of test object 'Object Repository/pid-price' are matched.

2025-10-05 17:54:58 - [MESSAGE][PASSED] - Actual text and expected text of test object 'Object Repository/pid-price' are matched.

2025-10-05 17:54:58 - [TEST_STEP][PASSED] - click(findTestObject("Bookstore Library/pid6-item")): Object: 'Object Repository/Bookstore Library/pid6-item' is clicked on

2025-10-05 17:54:58 - [MESSAGE][PASSED] - Object: 'Object Repository/Bookstore Library/pid6-item' is clicked on

2025-10-05 17:54:58 - [TEST_STEP][PASSED] - closeBrowser(): Browser is closed

2025-10-05 17:54:59 - [MESSAGE][PASSED] - Browser is closed

2025-10-05 17:54:59 - [TEST_STEP][PASSED] - Start listener action : afterCase: Browser is closed

2025-10-05 17:54:59 - [TEST_STEP][PASSED] - println("=== AfterTestCase: " + testCaseContext.getTestCaseId() + " | Status: " + testCaseContext.getTestCaseStatus()): null

2025-10-05 17:54:59 - [TEST_STEP][PASSED] - if (!(isSuiteMode)): Browser is closed

2025-10-05 17:54:59 - [TEST_STEP][PASSED] - if (getWebDriver() != null): Browser is closed

2025-10-05 17:54:59 - [TEST_STEP][PASSED] - closeBrowser(): Browser is closed

2025-10-05 17:54:59 - [MESSAGE][PASSED] - Browser is closed]]></system-out>
         <system-err><![CDATA[]]></system-err>
      </testcase>
      <testcase name="Test Cases/Visible item one by one/Visible Detail Book - The Cucumber for Java Book" time="10.767" classname="Test Cases/Visible item one by one/Visible Detail Book - The Cucumber for Java Book" status="PASSED">
         <system-out><![CDATA[2025-10-05 17:54:59 - [TEST_CASE][PASSED] - Test Cases/Visible item one by one/Visible Detail Book - The Cucumber for Java Book: Test Cases/Visible item one by one/Visible Detail Book - The Cucumber for Java Book

2025-10-05 17:54:59 - [TEST_STEP][PASSED] - Start listener action : beforeCase: Navigate to 'https://automationbookstore.dev/' successfully

2025-10-05 17:54:59 - [TEST_STEP][PASSED] - if (!(isSuiteMode)): Navigate to 'https://automationbookstore.dev/' successfully

2025-10-05 17:54:59 - [TEST_STEP][PASSED] - println("=== BeforeTestCase (standalone/excluded): " + testCaseContext.getTestCaseId()): null

2025-10-05 17:54:59 - [TEST_STEP][PASSED] - openBrowser(""): Browser is opened with url: ''

2025-10-05 17:54:59 - [MESSAGE][INFO] - Starting 'Chrome' driver

2025-10-05 17:54:59 - [MESSAGE][INFO] - Action delay is set to 0 milliseconds

2025-10-05 17:55:01 - [MESSAGE][PASSED] - Browser is opened with url: ''

2025-10-05 17:55:01 - [TEST_STEP][PASSED] - navigateToUrl(baseUrl): Navigate to 'https://automationbookstore.dev/' successfully

2025-10-05 17:55:03 - [MESSAGE][PASSED] - Navigate to 'https://automationbookstore.dev/' successfully

2025-10-05 17:55:03 - [TEST_STEP][PASSED] - openBrowser(""): Browser is opened with url: ''

2025-10-05 17:55:03 - [MESSAGE][WARNING] - A browser is already opened. Closing browser and opening a new one

2025-10-05 17:55:04 - [MESSAGE][INFO] - Starting 'Chrome' driver

2025-10-05 17:55:04 - [MESSAGE][INFO] - Action delay is set to 0 milliseconds

2025-10-05 17:55:06 - [MESSAGE][PASSED] - Browser is opened with url: ''

2025-10-05 17:55:06 - [TEST_STEP][PASSED] - navigateToUrl(baseUrl): Navigate to 'https://automationbookstore.dev/' successfully

2025-10-05 17:55:06 - [MESSAGE][PASSED] - Navigate to 'https://automationbookstore.dev/' successfully

2025-10-05 17:55:06 - [TEST_STEP][PASSED] - verifyElementText(findTestObject("pid-title", ["index":"7"]), "The Cucumber for Java Book"): Actual text and expected text of test object 'Object Repository/pid-title' are matched.

2025-10-05 17:55:08 - [MESSAGE][PASSED] - Actual text and expected text of test object 'Object Repository/pid-title' are matched.

2025-10-05 17:55:08 - [TEST_STEP][PASSED] - verifyElementText(findTestObject("pid-author", ["index":"7"]), "Seb Rose"): Actual text and expected text of test object 'Object Repository/pid-author' are matched.

2025-10-05 17:55:08 - [MESSAGE][PASSED] - Actual text and expected text of test object 'Object Repository/pid-author' are matched.

2025-10-05 17:55:08 - [TEST_STEP][PASSED] - verifyElementText(findTestObject("pid-price", ["index":"7"]), "$34.99"): Actual text and expected text of test object 'Object Repository/pid-price' are matched.

2025-10-05 17:55:08 - [MESSAGE][PASSED] - Actual text and expected text of test object 'Object Repository/pid-price' are matched.

2025-10-05 17:55:08 - [TEST_STEP][PASSED] - click(findTestObject("Bookstore Library/pid7-item")): Object: 'Object Repository/Bookstore Library/pid7-item' is clicked on

2025-10-05 17:55:09 - [MESSAGE][PASSED] - Object: 'Object Repository/Bookstore Library/pid7-item' is clicked on

2025-10-05 17:55:09 - [TEST_STEP][PASSED] - closeBrowser(): Browser is closed

2025-10-05 17:55:09 - [MESSAGE][PASSED] - Browser is closed

2025-10-05 17:55:09 - [TEST_STEP][PASSED] - Start listener action : afterCase: Browser is closed

2025-10-05 17:55:09 - [TEST_STEP][PASSED] - println("=== AfterTestCase: " + testCaseContext.getTestCaseId() + " | Status: " + testCaseContext.getTestCaseStatus()): null

2025-10-05 17:55:09 - [TEST_STEP][PASSED] - if (!(isSuiteMode)): Browser is closed

2025-10-05 17:55:09 - [TEST_STEP][PASSED] - if (getWebDriver() != null): Browser is closed

2025-10-05 17:55:09 - [TEST_STEP][PASSED] - closeBrowser(): Browser is closed

2025-10-05 17:55:09 - [MESSAGE][PASSED] - Browser is closed]]></system-out>
         <system-err><![CDATA[]]></system-err>
      </testcase>
      <testcase name="Test Cases/Visible item one by one/Visible Detail Book - BDD in Action" time="9.929" classname="Test Cases/Visible item one by one/Visible Detail Book - BDD in Action" status="PASSED">
         <system-out><![CDATA[2025-10-05 17:55:09 - [TEST_CASE][PASSED] - Test Cases/Visible item one by one/Visible Detail Book - BDD in Action: Test Cases/Visible item one by one/Visible Detail Book - BDD in Action

2025-10-05 17:55:09 - [TEST_STEP][PASSED] - Start listener action : beforeCase: Navigate to 'https://automationbookstore.dev/' successfully

2025-10-05 17:55:09 - [TEST_STEP][PASSED] - if (!(isSuiteMode)): Navigate to 'https://automationbookstore.dev/' successfully

2025-10-05 17:55:09 - [TEST_STEP][PASSED] - println("=== BeforeTestCase (standalone/excluded): " + testCaseContext.getTestCaseId()): null

2025-10-05 17:55:09 - [TEST_STEP][PASSED] - openBrowser(""): Browser is opened with url: ''

2025-10-05 17:55:09 - [MESSAGE][INFO] - Starting 'Chrome' driver

2025-10-05 17:55:09 - [MESSAGE][INFO] - Action delay is set to 0 milliseconds

2025-10-05 17:55:12 - [MESSAGE][PASSED] - Browser is opened with url: ''

2025-10-05 17:55:12 - [TEST_STEP][PASSED] - navigateToUrl(baseUrl): Navigate to 'https://automationbookstore.dev/' successfully

2025-10-05 17:55:13 - [MESSAGE][PASSED] - Navigate to 'https://automationbookstore.dev/' successfully

2025-10-05 17:55:14 - [TEST_STEP][PASSED] - openBrowser(""): Browser is opened with url: ''

2025-10-05 17:55:14 - [MESSAGE][WARNING] - A browser is already opened. Closing browser and opening a new one

2025-10-05 17:55:14 - [MESSAGE][INFO] - Starting 'Chrome' driver

2025-10-05 17:55:14 - [MESSAGE][INFO] - Action delay is set to 0 milliseconds

2025-10-05 17:55:17 - [MESSAGE][PASSED] - Browser is opened with url: ''

2025-10-05 17:55:17 - [TEST_STEP][PASSED] - navigateToUrl(baseUrl): Navigate to 'https://automationbookstore.dev/' successfully

2025-10-05 17:55:18 - [MESSAGE][PASSED] - Navigate to 'https://automationbookstore.dev/' successfully

2025-10-05 17:55:18 - [TEST_STEP][PASSED] - verifyElementText(findTestObject("pid-title", ["index":"8"]), "BDD in Action"): Actual text and expected text of test object 'Object Repository/pid-title' are matched.

2025-10-05 17:55:18 - [MESSAGE][PASSED] - Actual text and expected text of test object 'Object Repository/pid-title' are matched.

2025-10-05 17:55:18 - [TEST_STEP][PASSED] - verifyElementText(findTestObject("pid-author", ["index":"8"]), "John Ferguson Smart"): Actual text and expected text of test object 'Object Repository/pid-author' are matched.

2025-10-05 17:55:18 - [MESSAGE][PASSED] - Actual text and expected text of test object 'Object Repository/pid-author' are matched.

2025-10-05 17:55:18 - [TEST_STEP][PASSED] - verifyElementText(findTestObject("pid-price", ["index":"8"]), "$40.31"): Actual text and expected text of test object 'Object Repository/pid-price' are matched.

2025-10-05 17:55:18 - [MESSAGE][PASSED] - Actual text and expected text of test object 'Object Repository/pid-price' are matched.

2025-10-05 17:55:18 - [TEST_STEP][PASSED] - click(findTestObject("Bookstore Library/pid8-item")): Object: 'Object Repository/Bookstore Library/pid8-item' is clicked on

2025-10-05 17:55:19 - [MESSAGE][PASSED] - Object: 'Object Repository/Bookstore Library/pid8-item' is clicked on

2025-10-05 17:55:19 - [TEST_STEP][PASSED] - closeBrowser(): Browser is closed

2025-10-05 17:55:19 - [MESSAGE][PASSED] - Browser is closed

2025-10-05 17:55:19 - [TEST_STEP][PASSED] - Start listener action : afterCase: Browser is closed

2025-10-05 17:55:19 - [TEST_STEP][PASSED] - println("=== AfterTestCase: " + testCaseContext.getTestCaseId() + " | Status: " + testCaseContext.getTestCaseStatus()): null

2025-10-05 17:55:19 - [TEST_STEP][PASSED] - if (!(isSuiteMode)): Browser is closed

2025-10-05 17:55:19 - [TEST_STEP][PASSED] - if (getWebDriver() != null): Browser is closed

2025-10-05 17:55:19 - [TEST_STEP][PASSED] - closeBrowser(): Browser is closed

2025-10-05 17:55:19 - [MESSAGE][PASSED] - Browser is closed]]></system-out>
         <system-err><![CDATA[]]></system-err>
      </testcase>
      <system-out><![CDATA[2025-10-05 17:53:45 - [TEST_SUITE][PASSED] - Detail books one by one: Test Cases/Visible item one by one/Visible Detail Book - BDD in Action]]></system-out>
      <system-err><![CDATA[]]></system-err>
   </testsuite>
</testsuites>
