<?xml version="1.0" encoding="UTF-8"?>
<testsuites name="All cases" time="112.652" tests="32" failures="0" errors="0">
   <testsuite name="All cases" tests="32" failures="0" errors="0" time="112.652" skipped="0" timestamp="2025-09-26 11:22:36" hostname="rilaa - JustR" id="Test Suites/All cases">
      <properties>
         <property name="deviceName" value=""/>
         <property name="devicePlatform" value=""/>
         <property name="logFolder" value="D:\\Ra\\Katalon\\Automation bookstore\\Reports\\20250926_112225\\All cases\\20250926_112226"/>
         <property name="logFiles" value="D:\\Ra\\Katalon\\Automation bookstore\\Reports\\20250926_112225\\All cases\\20250926_112226\\execution0.log"/>
         <property name="attachments" value=""/>
         <property name="hostName" value="rilaa - JustR"/>
         <property name="os" value="Windows 10 64bit"/>
         <property name="katalonVersion" value="8.3.0.208"/>
         <property name="browser" value="Chrome 140.0.0.0"/>
         <property name="hostAddress" value="10.171.99.194"/>
         <property name="sessionId" value="cbd8a10e20fda0093474cefb9819cf4e"/>
         <property name="seleniumVersion" value="3.141.59"/>
         <property name="proxyInformation" value="ProxyInformation { proxyOption=NO_PROXY, proxyServerType=HTTP, username=, password=********, proxyServerAddress=, proxyServerPort=0, executionList=&quot;&quot;, isApplyToDesiredCapabilities=true }"/>
         <property name="platform" value="Windows 10"/>
      </properties>
      <testcase name="Test Cases/Visible detail books" time="4.339" classname="Test Cases/Visible detail books" status="PASSED">
         <system-out><![CDATA[2025-09-26 11:23:00 - [TEST_CASE][PASSED] - Test Cases/Visible detail books: Test Cases/Visible detail books

2025-09-26 11:23:00 - [TEST_STEP][PASSED] - Start listener action : beforeCase: null

2025-09-26 11:23:00 - [TEST_STEP][PASSED] - if (!(isSuiteMode)): null

2025-09-26 11:23:00 - [TEST_STEP][PASSED] - else: null

2025-09-26 11:23:00 - [TEST_STEP][PASSED] - println("=== BeforeTestCase (suite): " + testCaseContext.getTestCaseId()): null

2025-09-26 11:23:01 - [TEST_STEP][PASSED] - click(findTestObject("pid-item", ["index":index])): Object: 'Object Repository/pid-item' is clicked on

2025-09-26 11:23:01 - [MESSAGE][PASSED] - Object: 'Object Repository/pid-item' is clicked on

2025-09-26 11:23:01 - [TEST_STEP][PASSED] - verifyElementText(findTestObject("pid-title", ["index":index]), title): Actual text and expected text of test object 'Object Repository/pid-title' are matched.

2025-09-26 11:23:02 - [MESSAGE][PASSED] - Actual text and expected text of test object 'Object Repository/pid-title' are matched.

2025-09-26 11:23:02 - [TEST_STEP][PASSED] - verifyElementText(findTestObject("pid-author", ["index":index]), author): Actual text and expected text of test object 'Object Repository/pid-author' are matched.

2025-09-26 11:23:02 - [MESSAGE][PASSED] - Actual text and expected text of test object 'Object Repository/pid-author' are matched.

2025-09-26 11:23:02 - [TEST_STEP][PASSED] - verifyElementText(findTestObject("pid-price", ["index":index]), price): Actual text and expected text of test object 'Object Repository/pid-price' are matched.

2025-09-26 11:23:02 - [MESSAGE][PASSED] - Actual text and expected text of test object 'Object Repository/pid-price' are matched.

2025-09-26 11:23:02 - [TEST_STEP][PASSED] - delay(2): Delayed 2 second(s)

2025-09-26 11:23:04 - [MESSAGE][PASSED] - Delayed 2 second(s)

2025-09-26 11:23:04 - [TEST_STEP][PASSED] - Start listener action : afterCase: null

2025-09-26 11:23:04 - [TEST_STEP][PASSED] - println("=== AfterTestCase: " + testCaseContext.getTestCaseId() + " | Status: " + testCaseContext.getTestCaseStatus()): null

2025-09-26 11:23:04 - [TEST_STEP][PASSED] - if (!(isSuiteMode)): null]]></system-out>
         <system-err><![CDATA[]]></system-err>
      </testcase>
      <testcase name="Test Cases/Visible detail books" time="3.22" classname="Test Cases/Visible detail books" status="PASSED">
         <system-out><![CDATA[2025-09-26 11:23:04 - [TEST_CASE][PASSED] - Test Cases/Visible detail books: Test Cases/Visible detail books

2025-09-26 11:23:04 - [TEST_STEP][PASSED] - Start listener action : beforeCase: null

2025-09-26 11:23:04 - [TEST_STEP][PASSED] - if (!(isSuiteMode)): null

2025-09-26 11:23:05 - [TEST_STEP][PASSED] - else: null

2025-09-26 11:23:05 - [TEST_STEP][PASSED] - println("=== BeforeTestCase (suite): " + testCaseContext.getTestCaseId()): null

2025-09-26 11:23:05 - [TEST_STEP][PASSED] - click(findTestObject("pid-item", ["index":index])): Object: 'Object Repository/pid-item' is clicked on

2025-09-26 11:23:05 - [MESSAGE][PASSED] - Object: 'Object Repository/pid-item' is clicked on

2025-09-26 11:23:05 - [TEST_STEP][PASSED] - verifyElementText(findTestObject("pid-title", ["index":index]), title): Actual text and expected text of test object 'Object Repository/pid-title' are matched.

2025-09-26 11:23:05 - [MESSAGE][PASSED] - Actual text and expected text of test object 'Object Repository/pid-title' are matched.

2025-09-26 11:23:05 - [TEST_STEP][PASSED] - verifyElementText(findTestObject("pid-author", ["index":index]), author): Actual text and expected text of test object 'Object Repository/pid-author' are matched.

2025-09-26 11:23:05 - [MESSAGE][PASSED] - Actual text and expected text of test object 'Object Repository/pid-author' are matched.

2025-09-26 11:23:05 - [TEST_STEP][PASSED] - verifyElementText(findTestObject("pid-price", ["index":index]), price): Actual text and expected text of test object 'Object Repository/pid-price' are matched.

2025-09-26 11:23:06 - [MESSAGE][PASSED] - Actual text and expected text of test object 'Object Repository/pid-price' are matched.

2025-09-26 11:23:06 - [TEST_STEP][PASSED] - delay(2): Delayed 2 second(s)

2025-09-26 11:23:08 - [MESSAGE][PASSED] - Delayed 2 second(s)

2025-09-26 11:23:08 - [TEST_STEP][PASSED] - Start listener action : afterCase: null

2025-09-26 11:23:08 - [TEST_STEP][PASSED] - println("=== AfterTestCase: " + testCaseContext.getTestCaseId() + " | Status: " + testCaseContext.getTestCaseStatus()): null

2025-09-26 11:23:08 - [TEST_STEP][PASSED] - if (!(isSuiteMode)): null]]></system-out>
         <system-err><![CDATA[]]></system-err>
      </testcase>
      <testcase name="Test Cases/Visible detail books" time="2.861" classname="Test Cases/Visible detail books" status="PASSED">
         <system-out><![CDATA[2025-09-26 11:23:08 - [TEST_CASE][PASSED] - Test Cases/Visible detail books: Test Cases/Visible detail books

2025-09-26 11:23:08 - [TEST_STEP][PASSED] - Start listener action : beforeCase: null

2025-09-26 11:23:08 - [TEST_STEP][PASSED] - if (!(isSuiteMode)): null

2025-09-26 11:23:08 - [TEST_STEP][PASSED] - else: null

2025-09-26 11:23:08 - [TEST_STEP][PASSED] - println("=== BeforeTestCase (suite): " + testCaseContext.getTestCaseId()): null

2025-09-26 11:23:08 - [TEST_STEP][PASSED] - click(findTestObject("pid-item", ["index":index])): Object: 'Object Repository/pid-item' is clicked on

2025-09-26 11:23:08 - [MESSAGE][PASSED] - Object: 'Object Repository/pid-item' is clicked on

2025-09-26 11:23:08 - [TEST_STEP][PASSED] - verifyElementText(findTestObject("pid-title", ["index":index]), title): Actual text and expected text of test object 'Object Repository/pid-title' are matched.

2025-09-26 11:23:08 - [MESSAGE][PASSED] - Actual text and expected text of test object 'Object Repository/pid-title' are matched.

2025-09-26 11:23:08 - [TEST_STEP][PASSED] - verifyElementText(findTestObject("pid-author", ["index":index]), author): Actual text and expected text of test object 'Object Repository/pid-author' are matched.

2025-09-26 11:23:08 - [MESSAGE][PASSED] - Actual text and expected text of test object 'Object Repository/pid-author' are matched.

2025-09-26 11:23:08 - [TEST_STEP][PASSED] - verifyElementText(findTestObject("pid-price", ["index":index]), price): Actual text and expected text of test object 'Object Repository/pid-price' are matched.

2025-09-26 11:23:09 - [MESSAGE][PASSED] - Actual text and expected text of test object 'Object Repository/pid-price' are matched.

2025-09-26 11:23:09 - [TEST_STEP][PASSED] - delay(2): Delayed 2 second(s)

2025-09-26 11:23:11 - [MESSAGE][PASSED] - Delayed 2 second(s)

2025-09-26 11:23:11 - [TEST_STEP][PASSED] - Start listener action : afterCase: null

2025-09-26 11:23:11 - [TEST_STEP][PASSED] - println("=== AfterTestCase: " + testCaseContext.getTestCaseId() + " | Status: " + testCaseContext.getTestCaseStatus()): null

2025-09-26 11:23:11 - [TEST_STEP][PASSED] - if (!(isSuiteMode)): null]]></system-out>
         <system-err><![CDATA[]]></system-err>
      </testcase>
      <testcase name="Test Cases/Visible detail books" time="2.886" classname="Test Cases/Visible detail books" status="PASSED">
         <system-out><![CDATA[2025-09-26 11:23:11 - [TEST_CASE][PASSED] - Test Cases/Visible detail books: Test Cases/Visible detail books

2025-09-26 11:23:11 - [TEST_STEP][PASSED] - Start listener action : beforeCase: null

2025-09-26 11:23:11 - [TEST_STEP][PASSED] - if (!(isSuiteMode)): null

2025-09-26 11:23:11 - [TEST_STEP][PASSED] - else: null

2025-09-26 11:23:11 - [TEST_STEP][PASSED] - println("=== BeforeTestCase (suite): " + testCaseContext.getTestCaseId()): null

2025-09-26 11:23:11 - [TEST_STEP][PASSED] - click(findTestObject("pid-item", ["index":index])): Object: 'Object Repository/pid-item' is clicked on

2025-09-26 11:23:11 - [MESSAGE][PASSED] - Object: 'Object Repository/pid-item' is clicked on

2025-09-26 11:23:11 - [TEST_STEP][PASSED] - verifyElementText(findTestObject("pid-title", ["index":index]), title): Actual text and expected text of test object 'Object Repository/pid-title' are matched.

2025-09-26 11:23:11 - [MESSAGE][PASSED] - Actual text and expected text of test object 'Object Repository/pid-title' are matched.

2025-09-26 11:23:11 - [TEST_STEP][PASSED] - verifyElementText(findTestObject("pid-author", ["index":index]), author): Actual text and expected text of test object 'Object Repository/pid-author' are matched.

2025-09-26 11:23:11 - [MESSAGE][PASSED] - Actual text and expected text of test object 'Object Repository/pid-author' are matched.

2025-09-26 11:23:11 - [TEST_STEP][PASSED] - verifyElementText(findTestObject("pid-price", ["index":index]), price): Actual text and expected text of test object 'Object Repository/pid-price' are matched.

2025-09-26 11:23:12 - [MESSAGE][PASSED] - Actual text and expected text of test object 'Object Repository/pid-price' are matched.

2025-09-26 11:23:12 - [TEST_STEP][PASSED] - delay(2): Delayed 2 second(s)

2025-09-26 11:23:14 - [MESSAGE][PASSED] - Delayed 2 second(s)

2025-09-26 11:23:14 - [TEST_STEP][PASSED] - Start listener action : afterCase: null

2025-09-26 11:23:14 - [TEST_STEP][PASSED] - println("=== AfterTestCase: " + testCaseContext.getTestCaseId() + " | Status: " + testCaseContext.getTestCaseStatus()): null

2025-09-26 11:23:14 - [TEST_STEP][PASSED] - if (!(isSuiteMode)): null]]></system-out>
         <system-err><![CDATA[]]></system-err>
      </testcase>
      <testcase name="Test Cases/Visible detail books" time="2.775" classname="Test Cases/Visible detail books" status="PASSED">
         <system-out><![CDATA[2025-09-26 11:23:14 - [TEST_CASE][PASSED] - Test Cases/Visible detail books: Test Cases/Visible detail books

2025-09-26 11:23:14 - [TEST_STEP][PASSED] - Start listener action : beforeCase: null

2025-09-26 11:23:14 - [TEST_STEP][PASSED] - if (!(isSuiteMode)): null

2025-09-26 11:23:14 - [TEST_STEP][PASSED] - else: null

2025-09-26 11:23:14 - [TEST_STEP][PASSED] - println("=== BeforeTestCase (suite): " + testCaseContext.getTestCaseId()): null

2025-09-26 11:23:14 - [TEST_STEP][PASSED] - click(findTestObject("pid-item", ["index":index])): Object: 'Object Repository/pid-item' is clicked on

2025-09-26 11:23:14 - [MESSAGE][PASSED] - Object: 'Object Repository/pid-item' is clicked on

2025-09-26 11:23:14 - [TEST_STEP][PASSED] - verifyElementText(findTestObject("pid-title", ["index":index]), title): Actual text and expected text of test object 'Object Repository/pid-title' are matched.

2025-09-26 11:23:14 - [MESSAGE][PASSED] - Actual text and expected text of test object 'Object Repository/pid-title' are matched.

2025-09-26 11:23:14 - [TEST_STEP][PASSED] - verifyElementText(findTestObject("pid-author", ["index":index]), author): Actual text and expected text of test object 'Object Repository/pid-author' are matched.

2025-09-26 11:23:14 - [MESSAGE][PASSED] - Actual text and expected text of test object 'Object Repository/pid-author' are matched.

2025-09-26 11:23:14 - [TEST_STEP][PASSED] - verifyElementText(findTestObject("pid-price", ["index":index]), price): Actual text and expected text of test object 'Object Repository/pid-price' are matched.

2025-09-26 11:23:14 - [MESSAGE][PASSED] - Actual text and expected text of test object 'Object Repository/pid-price' are matched.

2025-09-26 11:23:14 - [TEST_STEP][PASSED] - delay(2): Delayed 2 second(s)

2025-09-26 11:23:16 - [MESSAGE][PASSED] - Delayed 2 second(s)

2025-09-26 11:23:16 - [TEST_STEP][PASSED] - Start listener action : afterCase: null

2025-09-26 11:23:16 - [TEST_STEP][PASSED] - println("=== AfterTestCase: " + testCaseContext.getTestCaseId() + " | Status: " + testCaseContext.getTestCaseStatus()): null

2025-09-26 11:23:16 - [TEST_STEP][PASSED] - if (!(isSuiteMode)): null]]></system-out>
         <system-err><![CDATA[]]></system-err>
      </testcase>
      <testcase name="Test Cases/Visible detail books" time="2.849" classname="Test Cases/Visible detail books" status="PASSED">
         <system-out><![CDATA[2025-09-26 11:23:17 - [TEST_CASE][PASSED] - Test Cases/Visible detail books: Test Cases/Visible detail books

2025-09-26 11:23:17 - [TEST_STEP][PASSED] - Start listener action : beforeCase: null

2025-09-26 11:23:17 - [TEST_STEP][PASSED] - if (!(isSuiteMode)): null

2025-09-26 11:23:17 - [TEST_STEP][PASSED] - else: null

2025-09-26 11:23:17 - [TEST_STEP][PASSED] - println("=== BeforeTestCase (suite): " + testCaseContext.getTestCaseId()): null

2025-09-26 11:23:17 - [TEST_STEP][PASSED] - click(findTestObject("pid-item", ["index":index])): Object: 'Object Repository/pid-item' is clicked on

2025-09-26 11:23:17 - [MESSAGE][PASSED] - Object: 'Object Repository/pid-item' is clicked on

2025-09-26 11:23:17 - [TEST_STEP][PASSED] - verifyElementText(findTestObject("pid-title", ["index":index]), title): Actual text and expected text of test object 'Object Repository/pid-title' are matched.

2025-09-26 11:23:17 - [MESSAGE][PASSED] - Actual text and expected text of test object 'Object Repository/pid-title' are matched.

2025-09-26 11:23:17 - [TEST_STEP][PASSED] - verifyElementText(findTestObject("pid-author", ["index":index]), author): Actual text and expected text of test object 'Object Repository/pid-author' are matched.

2025-09-26 11:23:17 - [MESSAGE][PASSED] - Actual text and expected text of test object 'Object Repository/pid-author' are matched.

2025-09-26 11:23:17 - [TEST_STEP][PASSED] - verifyElementText(findTestObject("pid-price", ["index":index]), price): Actual text and expected text of test object 'Object Repository/pid-price' are matched.

2025-09-26 11:23:17 - [MESSAGE][PASSED] - Actual text and expected text of test object 'Object Repository/pid-price' are matched.

2025-09-26 11:23:17 - [TEST_STEP][PASSED] - delay(2): Delayed 2 second(s)

2025-09-26 11:23:19 - [MESSAGE][PASSED] - Delayed 2 second(s)

2025-09-26 11:23:19 - [TEST_STEP][PASSED] - Start listener action : afterCase: null

2025-09-26 11:23:19 - [TEST_STEP][PASSED] - println("=== AfterTestCase: " + testCaseContext.getTestCaseId() + " | Status: " + testCaseContext.getTestCaseStatus()): null

2025-09-26 11:23:19 - [TEST_STEP][PASSED] - if (!(isSuiteMode)): null]]></system-out>
         <system-err><![CDATA[]]></system-err>
      </testcase>
      <testcase name="Test Cases/Visible detail books" time="2.794" classname="Test Cases/Visible detail books" status="PASSED">
         <system-out><![CDATA[2025-09-26 11:23:19 - [TEST_CASE][PASSED] - Test Cases/Visible detail books: Test Cases/Visible detail books

2025-09-26 11:23:19 - [TEST_STEP][PASSED] - Start listener action : beforeCase: null

2025-09-26 11:23:19 - [TEST_STEP][PASSED] - if (!(isSuiteMode)): null

2025-09-26 11:23:19 - [TEST_STEP][PASSED] - else: null

2025-09-26 11:23:19 - [TEST_STEP][PASSED] - println("=== BeforeTestCase (suite): " + testCaseContext.getTestCaseId()): null

2025-09-26 11:23:19 - [TEST_STEP][PASSED] - click(findTestObject("pid-item", ["index":index])): Object: 'Object Repository/pid-item' is clicked on

2025-09-26 11:23:20 - [MESSAGE][PASSED] - Object: 'Object Repository/pid-item' is clicked on

2025-09-26 11:23:20 - [TEST_STEP][PASSED] - verifyElementText(findTestObject("pid-title", ["index":index]), title): Actual text and expected text of test object 'Object Repository/pid-title' are matched.

2025-09-26 11:23:20 - [MESSAGE][PASSED] - Actual text and expected text of test object 'Object Repository/pid-title' are matched.

2025-09-26 11:23:20 - [TEST_STEP][PASSED] - verifyElementText(findTestObject("pid-author", ["index":index]), author): Actual text and expected text of test object 'Object Repository/pid-author' are matched.

2025-09-26 11:23:20 - [MESSAGE][PASSED] - Actual text and expected text of test object 'Object Repository/pid-author' are matched.

2025-09-26 11:23:20 - [TEST_STEP][PASSED] - verifyElementText(findTestObject("pid-price", ["index":index]), price): Actual text and expected text of test object 'Object Repository/pid-price' are matched.

2025-09-26 11:23:20 - [MESSAGE][PASSED] - Actual text and expected text of test object 'Object Repository/pid-price' are matched.

2025-09-26 11:23:20 - [TEST_STEP][PASSED] - delay(2): Delayed 2 second(s)

2025-09-26 11:23:22 - [MESSAGE][PASSED] - Delayed 2 second(s)

2025-09-26 11:23:22 - [TEST_STEP][PASSED] - Start listener action : afterCase: null

2025-09-26 11:23:22 - [TEST_STEP][PASSED] - println("=== AfterTestCase: " + testCaseContext.getTestCaseId() + " | Status: " + testCaseContext.getTestCaseStatus()): null

2025-09-26 11:23:22 - [TEST_STEP][PASSED] - if (!(isSuiteMode)): null]]></system-out>
         <system-err><![CDATA[]]></system-err>
      </testcase>
      <testcase name="Test Cases/Visible detail books" time="2.874" classname="Test Cases/Visible detail books" status="PASSED">
         <system-out><![CDATA[2025-09-26 11:23:22 - [TEST_CASE][PASSED] - Test Cases/Visible detail books: Test Cases/Visible detail books

2025-09-26 11:23:22 - [TEST_STEP][PASSED] - Start listener action : beforeCase: null

2025-09-26 11:23:22 - [TEST_STEP][PASSED] - if (!(isSuiteMode)): null

2025-09-26 11:23:22 - [TEST_STEP][PASSED] - else: null

2025-09-26 11:23:22 - [TEST_STEP][PASSED] - println("=== BeforeTestCase (suite): " + testCaseContext.getTestCaseId()): null

2025-09-26 11:23:22 - [TEST_STEP][PASSED] - click(findTestObject("pid-item", ["index":index])): Object: 'Object Repository/pid-item' is clicked on

2025-09-26 11:23:23 - [MESSAGE][PASSED] - Object: 'Object Repository/pid-item' is clicked on

2025-09-26 11:23:23 - [TEST_STEP][PASSED] - verifyElementText(findTestObject("pid-title", ["index":index]), title): Actual text and expected text of test object 'Object Repository/pid-title' are matched.

2025-09-26 11:23:23 - [MESSAGE][PASSED] - Actual text and expected text of test object 'Object Repository/pid-title' are matched.

2025-09-26 11:23:23 - [TEST_STEP][PASSED] - verifyElementText(findTestObject("pid-author", ["index":index]), author): Actual text and expected text of test object 'Object Repository/pid-author' are matched.

2025-09-26 11:23:23 - [MESSAGE][PASSED] - Actual text and expected text of test object 'Object Repository/pid-author' are matched.

2025-09-26 11:23:23 - [TEST_STEP][PASSED] - verifyElementText(findTestObject("pid-price", ["index":index]), price): Actual text and expected text of test object 'Object Repository/pid-price' are matched.

2025-09-26 11:23:23 - [MESSAGE][PASSED] - Actual text and expected text of test object 'Object Repository/pid-price' are matched.

2025-09-26 11:23:23 - [TEST_STEP][PASSED] - delay(2): Delayed 2 second(s)

2025-09-26 11:23:25 - [MESSAGE][PASSED] - Delayed 2 second(s)

2025-09-26 11:23:25 - [TEST_STEP][PASSED] - Start listener action : afterCase: null

2025-09-26 11:23:25 - [TEST_STEP][PASSED] - println("=== AfterTestCase: " + testCaseContext.getTestCaseId() + " | Status: " + testCaseContext.getTestCaseStatus()): null

2025-09-26 11:23:25 - [TEST_STEP][PASSED] - if (!(isSuiteMode)): null]]></system-out>
         <system-err><![CDATA[]]></system-err>
      </testcase>
      <testcase name="Test Cases/Search by title book" time="3.985" classname="Test Cases/Search by title book" status="PASSED">
         <system-out><![CDATA[2025-09-26 11:23:25 - [TEST_CASE][PASSED] - Test Cases/Search by title book: Test Cases/Search by title book

2025-09-26 11:23:25 - [TEST_STEP][PASSED] - Start listener action : beforeCase: null

2025-09-26 11:23:25 - [TEST_STEP][PASSED] - if (!(isSuiteMode)): null

2025-09-26 11:23:25 - [TEST_STEP][PASSED] - else: null

2025-09-26 11:23:25 - [TEST_STEP][PASSED] - println("=== BeforeTestCase (suite): " + testCaseContext.getTestCaseId()): null

2025-09-26 11:23:26 - [TEST_STEP][PASSED] - setText(findTestObject("searchBar", ["index":index]), title): Text 'Test Automation in the Real World' is set on object 'Object Repository/searchBar'

2025-09-26 11:23:26 - [MESSAGE][PASSED] - Text 'Test Automation in the Real World' is set on object 'Object Repository/searchBar'

2025-09-26 11:23:26 - [TEST_STEP][PASSED] - verifyElementText(findTestObject("pid-title", ["index":index]), title): Actual text and expected text of test object 'Object Repository/pid-title' are matched.

2025-09-26 11:23:27 - [MESSAGE][PASSED] - Actual text and expected text of test object 'Object Repository/pid-title' are matched.

2025-09-26 11:23:27 - [TEST_STEP][PASSED] - click(findTestObject("pid-item", ["index":index])): Object: 'Object Repository/pid-item' is clicked on

2025-09-26 11:23:27 - [MESSAGE][PASSED] - Object: 'Object Repository/pid-item' is clicked on

2025-09-26 11:23:27 - [TEST_STEP][PASSED] - click(findTestObject("btn-clearText")): Object: 'Object Repository/btn-clearText' is clicked on

2025-09-26 11:23:27 - [MESSAGE][PASSED] - Object: 'Object Repository/btn-clearText' is clicked on

2025-09-26 11:23:27 - [TEST_STEP][PASSED] - delay(2): Delayed 2 second(s)

2025-09-26 11:23:29 - [MESSAGE][PASSED] - Delayed 2 second(s)

2025-09-26 11:23:29 - [TEST_STEP][PASSED] - Start listener action : afterCase: null

2025-09-26 11:23:29 - [TEST_STEP][PASSED] - println("=== AfterTestCase: " + testCaseContext.getTestCaseId() + " | Status: " + testCaseContext.getTestCaseStatus()): null

2025-09-26 11:23:29 - [TEST_STEP][PASSED] - if (!(isSuiteMode)): null]]></system-out>
         <system-err><![CDATA[]]></system-err>
      </testcase>
      <testcase name="Test Cases/Search by title book" time="2.583" classname="Test Cases/Search by title book" status="PASSED">
         <system-out><![CDATA[2025-09-26 11:23:29 - [TEST_CASE][PASSED] - Test Cases/Search by title book: Test Cases/Search by title book

2025-09-26 11:23:29 - [TEST_STEP][PASSED] - Start listener action : beforeCase: null

2025-09-26 11:23:29 - [TEST_STEP][PASSED] - if (!(isSuiteMode)): null

2025-09-26 11:23:29 - [TEST_STEP][PASSED] - else: null

2025-09-26 11:23:29 - [TEST_STEP][PASSED] - println("=== BeforeTestCase (suite): " + testCaseContext.getTestCaseId()): null

2025-09-26 11:23:29 - [TEST_STEP][PASSED] - setText(findTestObject("searchBar", ["index":index]), title): Text 'Experiences of Test Automation' is set on object 'Object Repository/searchBar'

2025-09-26 11:23:29 - [MESSAGE][PASSED] - Text 'Experiences of Test Automation' is set on object 'Object Repository/searchBar'

2025-09-26 11:23:29 - [TEST_STEP][PASSED] - verifyElementText(findTestObject("pid-title", ["index":index]), title): Actual text and expected text of test object 'Object Repository/pid-title' are matched.

2025-09-26 11:23:29 - [MESSAGE][PASSED] - Actual text and expected text of test object 'Object Repository/pid-title' are matched.

2025-09-26 11:23:29 - [TEST_STEP][PASSED] - click(findTestObject("pid-item", ["index":index])): Object: 'Object Repository/pid-item' is clicked on

2025-09-26 11:23:30 - [MESSAGE][PASSED] - Object: 'Object Repository/pid-item' is clicked on

2025-09-26 11:23:30 - [TEST_STEP][PASSED] - click(findTestObject("btn-clearText")): Object: 'Object Repository/btn-clearText' is clicked on

2025-09-26 11:23:30 - [MESSAGE][PASSED] - Object: 'Object Repository/btn-clearText' is clicked on

2025-09-26 11:23:30 - [TEST_STEP][PASSED] - delay(2): Delayed 2 second(s)

2025-09-26 11:23:32 - [MESSAGE][PASSED] - Delayed 2 second(s)

2025-09-26 11:23:32 - [TEST_STEP][PASSED] - Start listener action : afterCase: null

2025-09-26 11:23:32 - [TEST_STEP][PASSED] - println("=== AfterTestCase: " + testCaseContext.getTestCaseId() + " | Status: " + testCaseContext.getTestCaseStatus()): null

2025-09-26 11:23:32 - [TEST_STEP][PASSED] - if (!(isSuiteMode)): null]]></system-out>
         <system-err><![CDATA[]]></system-err>
      </testcase>
      <testcase name="Test Cases/Search by title book" time="3.177" classname="Test Cases/Search by title book" status="PASSED">
         <system-out><![CDATA[2025-09-26 11:23:32 - [TEST_CASE][PASSED] - Test Cases/Search by title book: Test Cases/Search by title book

2025-09-26 11:23:32 - [TEST_STEP][PASSED] - Start listener action : beforeCase: null

2025-09-26 11:23:32 - [TEST_STEP][PASSED] - if (!(isSuiteMode)): null

2025-09-26 11:23:32 - [TEST_STEP][PASSED] - else: null

2025-09-26 11:23:32 - [TEST_STEP][PASSED] - println("=== BeforeTestCase (suite): " + testCaseContext.getTestCaseId()): null

2025-09-26 11:23:32 - [TEST_STEP][PASSED] - setText(findTestObject("searchBar", ["index":index]), title): Text 'Agile Testing' is set on object 'Object Repository/searchBar'

2025-09-26 11:23:32 - [MESSAGE][PASSED] - Text 'Agile Testing' is set on object 'Object Repository/searchBar'

2025-09-26 11:23:32 - [TEST_STEP][PASSED] - verifyElementText(findTestObject("pid-title", ["index":index]), title): Actual text and expected text of test object 'Object Repository/pid-title' are matched.

2025-09-26 11:23:32 - [MESSAGE][PASSED] - Actual text and expected text of test object 'Object Repository/pid-title' are matched.

2025-09-26 11:23:32 - [TEST_STEP][PASSED] - click(findTestObject("pid-item", ["index":index])): Object: 'Object Repository/pid-item' is clicked on

2025-09-26 11:23:33 - [MESSAGE][PASSED] - Object: 'Object Repository/pid-item' is clicked on

2025-09-26 11:23:33 - [TEST_STEP][PASSED] - click(findTestObject("btn-clearText")): Object: 'Object Repository/btn-clearText' is clicked on

2025-09-26 11:23:33 - [MESSAGE][PASSED] - Object: 'Object Repository/btn-clearText' is clicked on

2025-09-26 11:23:33 - [TEST_STEP][PASSED] - delay(2): Delayed 2 second(s)

2025-09-26 11:23:35 - [MESSAGE][PASSED] - Delayed 2 second(s)

2025-09-26 11:23:35 - [TEST_STEP][PASSED] - Start listener action : afterCase: null

2025-09-26 11:23:35 - [TEST_STEP][PASSED] - println("=== AfterTestCase: " + testCaseContext.getTestCaseId() + " | Status: " + testCaseContext.getTestCaseStatus()): null

2025-09-26 11:23:35 - [TEST_STEP][PASSED] - if (!(isSuiteMode)): null]]></system-out>
         <system-err><![CDATA[]]></system-err>
      </testcase>
      <testcase name="Test Cases/Search by title book" time="2.529" classname="Test Cases/Search by title book" status="PASSED">
         <system-out><![CDATA[2025-09-26 11:23:35 - [TEST_CASE][PASSED] - Test Cases/Search by title book: Test Cases/Search by title book

2025-09-26 11:23:35 - [TEST_STEP][PASSED] - Start listener action : beforeCase: null

2025-09-26 11:23:35 - [TEST_STEP][PASSED] - if (!(isSuiteMode)): null

2025-09-26 11:23:35 - [TEST_STEP][PASSED] - else: null

2025-09-26 11:23:35 - [TEST_STEP][PASSED] - println("=== BeforeTestCase (suite): " + testCaseContext.getTestCaseId()): null

2025-09-26 11:23:35 - [TEST_STEP][PASSED] - setText(findTestObject("searchBar", ["index":index]), title): Text 'How Google Tests Software' is set on object 'Object Repository/searchBar'

2025-09-26 11:23:35 - [MESSAGE][PASSED] - Text 'How Google Tests Software' is set on object 'Object Repository/searchBar'

2025-09-26 11:23:35 - [TEST_STEP][PASSED] - verifyElementText(findTestObject("pid-title", ["index":index]), title): Actual text and expected text of test object 'Object Repository/pid-title' are matched.

2025-09-26 11:23:35 - [MESSAGE][PASSED] - Actual text and expected text of test object 'Object Repository/pid-title' are matched.

2025-09-26 11:23:35 - [TEST_STEP][PASSED] - click(findTestObject("pid-item", ["index":index])): Object: 'Object Repository/pid-item' is clicked on

2025-09-26 11:23:35 - [MESSAGE][PASSED] - Object: 'Object Repository/pid-item' is clicked on

2025-09-26 11:23:35 - [TEST_STEP][PASSED] - click(findTestObject("btn-clearText")): Object: 'Object Repository/btn-clearText' is clicked on

2025-09-26 11:23:35 - [MESSAGE][PASSED] - Object: 'Object Repository/btn-clearText' is clicked on

2025-09-26 11:23:35 - [TEST_STEP][PASSED] - delay(2): Delayed 2 second(s)

2025-09-26 11:23:38 - [MESSAGE][PASSED] - Delayed 2 second(s)

2025-09-26 11:23:38 - [TEST_STEP][PASSED] - Start listener action : afterCase: null

2025-09-26 11:23:38 - [TEST_STEP][PASSED] - println("=== AfterTestCase: " + testCaseContext.getTestCaseId() + " | Status: " + testCaseContext.getTestCaseStatus()): null

2025-09-26 11:23:38 - [TEST_STEP][PASSED] - if (!(isSuiteMode)): null]]></system-out>
         <system-err><![CDATA[]]></system-err>
      </testcase>
      <testcase name="Test Cases/Search by title book" time="2.592" classname="Test Cases/Search by title book" status="PASSED">
         <system-out><![CDATA[2025-09-26 11:23:38 - [TEST_CASE][PASSED] - Test Cases/Search by title book: Test Cases/Search by title book

2025-09-26 11:23:38 - [TEST_STEP][PASSED] - Start listener action : beforeCase: null

2025-09-26 11:23:38 - [TEST_STEP][PASSED] - if (!(isSuiteMode)): null

2025-09-26 11:23:38 - [TEST_STEP][PASSED] - else: null

2025-09-26 11:23:38 - [TEST_STEP][PASSED] - println("=== BeforeTestCase (suite): " + testCaseContext.getTestCaseId()): null

2025-09-26 11:23:38 - [TEST_STEP][PASSED] - setText(findTestObject("searchBar", ["index":index]), title): Text 'Java For Testers' is set on object 'Object Repository/searchBar'

2025-09-26 11:23:38 - [MESSAGE][PASSED] - Text 'Java For Testers' is set on object 'Object Repository/searchBar'

2025-09-26 11:23:38 - [TEST_STEP][PASSED] - verifyElementText(findTestObject("pid-title", ["index":index]), title): Actual text and expected text of test object 'Object Repository/pid-title' are matched.

2025-09-26 11:23:38 - [MESSAGE][PASSED] - Actual text and expected text of test object 'Object Repository/pid-title' are matched.

2025-09-26 11:23:38 - [TEST_STEP][PASSED] - click(findTestObject("pid-item", ["index":index])): Object: 'Object Repository/pid-item' is clicked on

2025-09-26 11:23:38 - [MESSAGE][PASSED] - Object: 'Object Repository/pid-item' is clicked on

2025-09-26 11:23:38 - [TEST_STEP][PASSED] - click(findTestObject("btn-clearText")): Object: 'Object Repository/btn-clearText' is clicked on

2025-09-26 11:23:38 - [MESSAGE][PASSED] - Object: 'Object Repository/btn-clearText' is clicked on

2025-09-26 11:23:38 - [TEST_STEP][PASSED] - delay(2): Delayed 2 second(s)

2025-09-26 11:23:40 - [MESSAGE][PASSED] - Delayed 2 second(s)

2025-09-26 11:23:40 - [TEST_STEP][PASSED] - Start listener action : afterCase: null

2025-09-26 11:23:40 - [TEST_STEP][PASSED] - println("=== AfterTestCase: " + testCaseContext.getTestCaseId() + " | Status: " + testCaseContext.getTestCaseStatus()): null

2025-09-26 11:23:40 - [TEST_STEP][PASSED] - if (!(isSuiteMode)): null]]></system-out>
         <system-err><![CDATA[]]></system-err>
      </testcase>
      <testcase name="Test Cases/Search by title book" time="2.547" classname="Test Cases/Search by title book" status="PASSED">
         <system-out><![CDATA[2025-09-26 11:23:40 - [TEST_CASE][PASSED] - Test Cases/Search by title book: Test Cases/Search by title book

2025-09-26 11:23:40 - [TEST_STEP][PASSED] - Start listener action : beforeCase: null

2025-09-26 11:23:40 - [TEST_STEP][PASSED] - if (!(isSuiteMode)): null

2025-09-26 11:23:40 - [TEST_STEP][PASSED] - else: null

2025-09-26 11:23:40 - [TEST_STEP][PASSED] - println("=== BeforeTestCase (suite): " + testCaseContext.getTestCaseId()): null

2025-09-26 11:23:40 - [TEST_STEP][PASSED] - setText(findTestObject("searchBar", ["index":index]), title): Text 'Advanced Selenium in Java' is set on object 'Object Repository/searchBar'

2025-09-26 11:23:40 - [MESSAGE][PASSED] - Text 'Advanced Selenium in Java' is set on object 'Object Repository/searchBar'

2025-09-26 11:23:40 - [TEST_STEP][PASSED] - verifyElementText(findTestObject("pid-title", ["index":index]), title): Actual text and expected text of test object 'Object Repository/pid-title' are matched.

2025-09-26 11:23:41 - [MESSAGE][PASSED] - Actual text and expected text of test object 'Object Repository/pid-title' are matched.

2025-09-26 11:23:41 - [TEST_STEP][PASSED] - click(findTestObject("pid-item", ["index":index])): Object: 'Object Repository/pid-item' is clicked on

2025-09-26 11:23:41 - [MESSAGE][PASSED] - Object: 'Object Repository/pid-item' is clicked on

2025-09-26 11:23:41 - [TEST_STEP][PASSED] - click(findTestObject("btn-clearText")): Object: 'Object Repository/btn-clearText' is clicked on

2025-09-26 11:23:41 - [MESSAGE][PASSED] - Object: 'Object Repository/btn-clearText' is clicked on

2025-09-26 11:23:41 - [TEST_STEP][PASSED] - delay(2): Delayed 2 second(s)

2025-09-26 11:23:43 - [MESSAGE][PASSED] - Delayed 2 second(s)

2025-09-26 11:23:43 - [TEST_STEP][PASSED] - Start listener action : afterCase: null

2025-09-26 11:23:43 - [TEST_STEP][PASSED] - println("=== AfterTestCase: " + testCaseContext.getTestCaseId() + " | Status: " + testCaseContext.getTestCaseStatus()): null

2025-09-26 11:23:43 - [TEST_STEP][PASSED] - if (!(isSuiteMode)): null]]></system-out>
         <system-err><![CDATA[]]></system-err>
      </testcase>
      <testcase name="Test Cases/Search by title book" time="2.515" classname="Test Cases/Search by title book" status="PASSED">
         <system-out><![CDATA[2025-09-26 11:23:43 - [TEST_CASE][PASSED] - Test Cases/Search by title book: Test Cases/Search by title book

2025-09-26 11:23:43 - [TEST_STEP][PASSED] - Start listener action : beforeCase: null

2025-09-26 11:23:43 - [TEST_STEP][PASSED] - if (!(isSuiteMode)): null

2025-09-26 11:23:43 - [TEST_STEP][PASSED] - else: null

2025-09-26 11:23:43 - [TEST_STEP][PASSED] - println("=== BeforeTestCase (suite): " + testCaseContext.getTestCaseId()): null

2025-09-26 11:23:43 - [TEST_STEP][PASSED] - setText(findTestObject("searchBar", ["index":index]), title): Text 'The Cucumber for Java Book' is set on object 'Object Repository/searchBar'

2025-09-26 11:23:43 - [MESSAGE][PASSED] - Text 'The Cucumber for Java Book' is set on object 'Object Repository/searchBar'

2025-09-26 11:23:43 - [TEST_STEP][PASSED] - verifyElementText(findTestObject("pid-title", ["index":index]), title): Actual text and expected text of test object 'Object Repository/pid-title' are matched.

2025-09-26 11:23:43 - [MESSAGE][PASSED] - Actual text and expected text of test object 'Object Repository/pid-title' are matched.

2025-09-26 11:23:43 - [TEST_STEP][PASSED] - click(findTestObject("pid-item", ["index":index])): Object: 'Object Repository/pid-item' is clicked on

2025-09-26 11:23:43 - [MESSAGE][PASSED] - Object: 'Object Repository/pid-item' is clicked on

2025-09-26 11:23:43 - [TEST_STEP][PASSED] - click(findTestObject("btn-clearText")): Object: 'Object Repository/btn-clearText' is clicked on

2025-09-26 11:23:43 - [MESSAGE][PASSED] - Object: 'Object Repository/btn-clearText' is clicked on

2025-09-26 11:23:43 - [TEST_STEP][PASSED] - delay(2): Delayed 2 second(s)

2025-09-26 11:23:45 - [MESSAGE][PASSED] - Delayed 2 second(s)

2025-09-26 11:23:45 - [TEST_STEP][PASSED] - Start listener action : afterCase: null

2025-09-26 11:23:45 - [TEST_STEP][PASSED] - println("=== AfterTestCase: " + testCaseContext.getTestCaseId() + " | Status: " + testCaseContext.getTestCaseStatus()): null

2025-09-26 11:23:45 - [TEST_STEP][PASSED] - if (!(isSuiteMode)): null]]></system-out>
         <system-err><![CDATA[]]></system-err>
      </testcase>
      <testcase name="Test Cases/Search by title book" time="2.514" classname="Test Cases/Search by title book" status="PASSED">
         <system-out><![CDATA[2025-09-26 11:23:45 - [TEST_CASE][PASSED] - Test Cases/Search by title book: Test Cases/Search by title book

2025-09-26 11:23:45 - [TEST_STEP][PASSED] - Start listener action : beforeCase: null

2025-09-26 11:23:45 - [TEST_STEP][PASSED] - if (!(isSuiteMode)): null

2025-09-26 11:23:45 - [TEST_STEP][PASSED] - else: null

2025-09-26 11:23:45 - [TEST_STEP][PASSED] - println("=== BeforeTestCase (suite): " + testCaseContext.getTestCaseId()): null

2025-09-26 11:23:45 - [TEST_STEP][PASSED] - setText(findTestObject("searchBar", ["index":index]), title): Text 'BDD in Action' is set on object 'Object Repository/searchBar'

2025-09-26 11:23:46 - [MESSAGE][PASSED] - Text 'BDD in Action' is set on object 'Object Repository/searchBar'

2025-09-26 11:23:46 - [TEST_STEP][PASSED] - verifyElementText(findTestObject("pid-title", ["index":index]), title): Actual text and expected text of test object 'Object Repository/pid-title' are matched.

2025-09-26 11:23:46 - [MESSAGE][PASSED] - Actual text and expected text of test object 'Object Repository/pid-title' are matched.

2025-09-26 11:23:46 - [TEST_STEP][PASSED] - click(findTestObject("pid-item", ["index":index])): Object: 'Object Repository/pid-item' is clicked on

2025-09-26 11:23:46 - [MESSAGE][PASSED] - Object: 'Object Repository/pid-item' is clicked on

2025-09-26 11:23:46 - [TEST_STEP][PASSED] - click(findTestObject("btn-clearText")): Object: 'Object Repository/btn-clearText' is clicked on

2025-09-26 11:23:46 - [MESSAGE][PASSED] - Object: 'Object Repository/btn-clearText' is clicked on

2025-09-26 11:23:46 - [TEST_STEP][PASSED] - delay(2): Delayed 2 second(s)

2025-09-26 11:23:48 - [MESSAGE][PASSED] - Delayed 2 second(s)

2025-09-26 11:23:48 - [TEST_STEP][PASSED] - Start listener action : afterCase: null

2025-09-26 11:23:48 - [TEST_STEP][PASSED] - println("=== AfterTestCase: " + testCaseContext.getTestCaseId() + " | Status: " + testCaseContext.getTestCaseStatus()): null

2025-09-26 11:23:48 - [TEST_STEP][PASSED] - if (!(isSuiteMode)): null]]></system-out>
         <system-err><![CDATA[]]></system-err>
      </testcase>
      <testcase name="Test Cases/Search by author book" time="2.64" classname="Test Cases/Search by author book" status="PASSED">
         <system-out><![CDATA[2025-09-26 11:23:48 - [TEST_CASE][PASSED] - Test Cases/Search by author book: Test Cases/Search by author book

2025-09-26 11:23:48 - [TEST_STEP][PASSED] - Start listener action : beforeCase: null

2025-09-26 11:23:48 - [TEST_STEP][PASSED] - if (!(isSuiteMode)): null

2025-09-26 11:23:48 - [TEST_STEP][PASSED] - else: null

2025-09-26 11:23:48 - [TEST_STEP][PASSED] - println("=== BeforeTestCase (suite): " + testCaseContext.getTestCaseId()): null

2025-09-26 11:23:48 - [TEST_STEP][PASSED] - setText(findTestObject("searchBar", ["index":index]), author): Text 'Greg Paskal' is set on object 'Object Repository/searchBar'

2025-09-26 11:23:48 - [MESSAGE][PASSED] - Text 'Greg Paskal' is set on object 'Object Repository/searchBar'

2025-09-26 11:23:48 - [TEST_STEP][PASSED] - verifyElementText(findTestObject("pid-author", ["index":index]), author): Actual text and expected text of test object 'Object Repository/pid-author' are matched.

2025-09-26 11:23:48 - [MESSAGE][PASSED] - Actual text and expected text of test object 'Object Repository/pid-author' are matched.

2025-09-26 11:23:48 - [TEST_STEP][PASSED] - click(findTestObject("pid-item", ["index":index])): Object: 'Object Repository/pid-item' is clicked on

2025-09-26 11:23:48 - [MESSAGE][PASSED] - Object: 'Object Repository/pid-item' is clicked on

2025-09-26 11:23:48 - [TEST_STEP][PASSED] - click(findTestObject("btn-clearText")): Object: 'Object Repository/btn-clearText' is clicked on

2025-09-26 11:23:49 - [MESSAGE][PASSED] - Object: 'Object Repository/btn-clearText' is clicked on

2025-09-26 11:23:49 - [TEST_STEP][PASSED] - delay(2): Delayed 2 second(s)

2025-09-26 11:23:51 - [MESSAGE][PASSED] - Delayed 2 second(s)

2025-09-26 11:23:51 - [TEST_STEP][PASSED] - Start listener action : afterCase: null

2025-09-26 11:23:51 - [TEST_STEP][PASSED] - println("=== AfterTestCase: " + testCaseContext.getTestCaseId() + " | Status: " + testCaseContext.getTestCaseStatus()): null

2025-09-26 11:23:51 - [TEST_STEP][PASSED] - if (!(isSuiteMode)): null]]></system-out>
         <system-err><![CDATA[]]></system-err>
      </testcase>
      <testcase name="Test Cases/Search by author book" time="2.521" classname="Test Cases/Search by author book" status="PASSED">
         <system-out><![CDATA[2025-09-26 11:23:51 - [TEST_CASE][PASSED] - Test Cases/Search by author book: Test Cases/Search by author book

2025-09-26 11:23:51 - [TEST_STEP][PASSED] - Start listener action : beforeCase: null

2025-09-26 11:23:51 - [TEST_STEP][PASSED] - if (!(isSuiteMode)): null

2025-09-26 11:23:51 - [TEST_STEP][PASSED] - else: null

2025-09-26 11:23:51 - [TEST_STEP][PASSED] - println("=== BeforeTestCase (suite): " + testCaseContext.getTestCaseId()): null

2025-09-26 11:23:51 - [TEST_STEP][PASSED] - setText(findTestObject("searchBar", ["index":index]), author): Text 'Dorothy Graham and Mark Fewster' is set on object 'Object Repository/searchBar'

2025-09-26 11:23:51 - [MESSAGE][PASSED] - Text 'Dorothy Graham and Mark Fewster' is set on object 'Object Repository/searchBar'

2025-09-26 11:23:51 - [TEST_STEP][PASSED] - verifyElementText(findTestObject("pid-author", ["index":index]), author): Actual text and expected text of test object 'Object Repository/pid-author' are matched.

2025-09-26 11:23:51 - [MESSAGE][PASSED] - Actual text and expected text of test object 'Object Repository/pid-author' are matched.

2025-09-26 11:23:51 - [TEST_STEP][PASSED] - click(findTestObject("pid-item", ["index":index])): Object: 'Object Repository/pid-item' is clicked on

2025-09-26 11:23:51 - [MESSAGE][PASSED] - Object: 'Object Repository/pid-item' is clicked on

2025-09-26 11:23:51 - [TEST_STEP][PASSED] - click(findTestObject("btn-clearText")): Object: 'Object Repository/btn-clearText' is clicked on

2025-09-26 11:23:51 - [MESSAGE][PASSED] - Object: 'Object Repository/btn-clearText' is clicked on

2025-09-26 11:23:51 - [TEST_STEP][PASSED] - delay(2): Delayed 2 second(s)

2025-09-26 11:23:53 - [MESSAGE][PASSED] - Delayed 2 second(s)

2025-09-26 11:23:53 - [TEST_STEP][PASSED] - Start listener action : afterCase: null

2025-09-26 11:23:53 - [TEST_STEP][PASSED] - println("=== AfterTestCase: " + testCaseContext.getTestCaseId() + " | Status: " + testCaseContext.getTestCaseStatus()): null

2025-09-26 11:23:53 - [TEST_STEP][PASSED] - if (!(isSuiteMode)): null]]></system-out>
         <system-err><![CDATA[]]></system-err>
      </testcase>
      <testcase name="Test Cases/Search by author book" time="2.513" classname="Test Cases/Search by author book" status="PASSED">
         <system-out><![CDATA[2025-09-26 11:23:53 - [TEST_CASE][PASSED] - Test Cases/Search by author book: Test Cases/Search by author book

2025-09-26 11:23:53 - [TEST_STEP][PASSED] - Start listener action : beforeCase: null

2025-09-26 11:23:53 - [TEST_STEP][PASSED] - if (!(isSuiteMode)): null

2025-09-26 11:23:53 - [TEST_STEP][PASSED] - else: null

2025-09-26 11:23:53 - [TEST_STEP][PASSED] - println("=== BeforeTestCase (suite): " + testCaseContext.getTestCaseId()): null

2025-09-26 11:23:53 - [TEST_STEP][PASSED] - setText(findTestObject("searchBar", ["index":index]), author): Text 'Lisa Crispin and Janet Gregory' is set on object 'Object Repository/searchBar'

2025-09-26 11:23:53 - [MESSAGE][PASSED] - Text 'Lisa Crispin and Janet Gregory' is set on object 'Object Repository/searchBar'

2025-09-26 11:23:53 - [TEST_STEP][PASSED] - verifyElementText(findTestObject("pid-author", ["index":index]), author): Actual text and expected text of test object 'Object Repository/pid-author' are matched.

2025-09-26 11:23:53 - [MESSAGE][PASSED] - Actual text and expected text of test object 'Object Repository/pid-author' are matched.

2025-09-26 11:23:53 - [TEST_STEP][PASSED] - click(findTestObject("pid-item", ["index":index])): Object: 'Object Repository/pid-item' is clicked on

2025-09-26 11:23:53 - [MESSAGE][PASSED] - Object: 'Object Repository/pid-item' is clicked on

2025-09-26 11:23:53 - [TEST_STEP][PASSED] - click(findTestObject("btn-clearText")): Object: 'Object Repository/btn-clearText' is clicked on

2025-09-26 11:23:54 - [MESSAGE][PASSED] - Object: 'Object Repository/btn-clearText' is clicked on

2025-09-26 11:23:54 - [TEST_STEP][PASSED] - delay(2): Delayed 2 second(s)

2025-09-26 11:23:56 - [MESSAGE][PASSED] - Delayed 2 second(s)

2025-09-26 11:23:56 - [TEST_STEP][PASSED] - Start listener action : afterCase: null

2025-09-26 11:23:56 - [TEST_STEP][PASSED] - println("=== AfterTestCase: " + testCaseContext.getTestCaseId() + " | Status: " + testCaseContext.getTestCaseStatus()): null

2025-09-26 11:23:56 - [TEST_STEP][PASSED] - if (!(isSuiteMode)): null]]></system-out>
         <system-err><![CDATA[]]></system-err>
      </testcase>
      <testcase name="Test Cases/Search by author book" time="2.563" classname="Test Cases/Search by author book" status="PASSED">
         <system-out><![CDATA[2025-09-26 11:23:56 - [TEST_CASE][PASSED] - Test Cases/Search by author book: Test Cases/Search by author book

2025-09-26 11:23:56 - [TEST_STEP][PASSED] - Start listener action : beforeCase: null

2025-09-26 11:23:56 - [TEST_STEP][PASSED] - if (!(isSuiteMode)): null

2025-09-26 11:23:56 - [TEST_STEP][PASSED] - else: null

2025-09-26 11:23:56 - [TEST_STEP][PASSED] - println("=== BeforeTestCase (suite): " + testCaseContext.getTestCaseId()): null

2025-09-26 11:23:56 - [TEST_STEP][PASSED] - setText(findTestObject("searchBar", ["index":index]), author): Text 'James A. Whittaker, Jason Arbon, Jeff Carollo' is set on object 'Object Repository/searchBar'

2025-09-26 11:23:56 - [MESSAGE][PASSED] - Text 'James A. Whittaker, Jason Arbon, Jeff Carollo' is set on object 'Object Repository/searchBar'

2025-09-26 11:23:56 - [TEST_STEP][PASSED] - verifyElementText(findTestObject("pid-author", ["index":index]), author): Actual text and expected text of test object 'Object Repository/pid-author' are matched.

2025-09-26 11:23:56 - [MESSAGE][PASSED] - Actual text and expected text of test object 'Object Repository/pid-author' are matched.

2025-09-26 11:23:56 - [TEST_STEP][PASSED] - click(findTestObject("pid-item", ["index":index])): Object: 'Object Repository/pid-item' is clicked on

2025-09-26 11:23:56 - [MESSAGE][PASSED] - Object: 'Object Repository/pid-item' is clicked on

2025-09-26 11:23:56 - [TEST_STEP][PASSED] - click(findTestObject("btn-clearText")): Object: 'Object Repository/btn-clearText' is clicked on

2025-09-26 11:23:56 - [MESSAGE][PASSED] - Object: 'Object Repository/btn-clearText' is clicked on

2025-09-26 11:23:56 - [TEST_STEP][PASSED] - delay(2): Delayed 2 second(s)

2025-09-26 11:23:58 - [MESSAGE][PASSED] - Delayed 2 second(s)

2025-09-26 11:23:58 - [TEST_STEP][PASSED] - Start listener action : afterCase: null

2025-09-26 11:23:58 - [TEST_STEP][PASSED] - println("=== AfterTestCase: " + testCaseContext.getTestCaseId() + " | Status: " + testCaseContext.getTestCaseStatus()): null

2025-09-26 11:23:58 - [TEST_STEP][PASSED] - if (!(isSuiteMode)): null]]></system-out>
         <system-err><![CDATA[]]></system-err>
      </testcase>
      <testcase name="Test Cases/Search by author book" time="2.513" classname="Test Cases/Search by author book" status="PASSED">
         <system-out><![CDATA[2025-09-26 11:23:58 - [TEST_CASE][PASSED] - Test Cases/Search by author book: Test Cases/Search by author book

2025-09-26 11:23:58 - [TEST_STEP][PASSED] - Start listener action : beforeCase: null

2025-09-26 11:23:58 - [TEST_STEP][PASSED] - if (!(isSuiteMode)): null

2025-09-26 11:23:58 - [TEST_STEP][PASSED] - else: null

2025-09-26 11:23:58 - [TEST_STEP][PASSED] - println("=== BeforeTestCase (suite): " + testCaseContext.getTestCaseId()): null

2025-09-26 11:23:58 - [TEST_STEP][PASSED] - setText(findTestObject("searchBar", ["index":index]), author): Text 'Alan Richardson' is set on object 'Object Repository/searchBar'

2025-09-26 11:23:58 - [MESSAGE][PASSED] - Text 'Alan Richardson' is set on object 'Object Repository/searchBar'

2025-09-26 11:23:58 - [TEST_STEP][PASSED] - verifyElementText(findTestObject("pid-author", ["index":index]), author): Actual text and expected text of test object 'Object Repository/pid-author' are matched.

2025-09-26 11:23:58 - [MESSAGE][PASSED] - Actual text and expected text of test object 'Object Repository/pid-author' are matched.

2025-09-26 11:23:58 - [TEST_STEP][PASSED] - click(findTestObject("pid-item", ["index":index])): Object: 'Object Repository/pid-item' is clicked on

2025-09-26 11:23:59 - [MESSAGE][PASSED] - Object: 'Object Repository/pid-item' is clicked on

2025-09-26 11:23:59 - [TEST_STEP][PASSED] - click(findTestObject("btn-clearText")): Object: 'Object Repository/btn-clearText' is clicked on

2025-09-26 11:23:59 - [MESSAGE][PASSED] - Object: 'Object Repository/btn-clearText' is clicked on

2025-09-26 11:23:59 - [TEST_STEP][PASSED] - delay(2): Delayed 2 second(s)

2025-09-26 11:24:01 - [MESSAGE][PASSED] - Delayed 2 second(s)

2025-09-26 11:24:01 - [TEST_STEP][PASSED] - Start listener action : afterCase: null

2025-09-26 11:24:01 - [TEST_STEP][PASSED] - println("=== AfterTestCase: " + testCaseContext.getTestCaseId() + " | Status: " + testCaseContext.getTestCaseStatus()): null

2025-09-26 11:24:01 - [TEST_STEP][PASSED] - if (!(isSuiteMode)): null]]></system-out>
         <system-err><![CDATA[]]></system-err>
      </testcase>
      <testcase name="Test Cases/Search by author book" time="2.499" classname="Test Cases/Search by author book" status="PASSED">
         <system-out><![CDATA[2025-09-26 11:24:01 - [TEST_CASE][PASSED] - Test Cases/Search by author book: Test Cases/Search by author book

2025-09-26 11:24:01 - [TEST_STEP][PASSED] - Start listener action : beforeCase: null

2025-09-26 11:24:01 - [TEST_STEP][PASSED] - if (!(isSuiteMode)): null

2025-09-26 11:24:01 - [TEST_STEP][PASSED] - else: null

2025-09-26 11:24:01 - [TEST_STEP][PASSED] - println("=== BeforeTestCase (suite): " + testCaseContext.getTestCaseId()): null

2025-09-26 11:24:01 - [TEST_STEP][PASSED] - setText(findTestObject("searchBar", ["index":index]), author): Text 'Paul Watson' is set on object 'Object Repository/searchBar'

2025-09-26 11:24:01 - [MESSAGE][PASSED] - Text 'Paul Watson' is set on object 'Object Repository/searchBar'

2025-09-26 11:24:01 - [TEST_STEP][PASSED] - verifyElementText(findTestObject("pid-author", ["index":index]), author): Actual text and expected text of test object 'Object Repository/pid-author' are matched.

2025-09-26 11:24:01 - [MESSAGE][PASSED] - Actual text and expected text of test object 'Object Repository/pid-author' are matched.

2025-09-26 11:24:01 - [TEST_STEP][PASSED] - click(findTestObject("pid-item", ["index":index])): Object: 'Object Repository/pid-item' is clicked on

2025-09-26 11:24:01 - [MESSAGE][PASSED] - Object: 'Object Repository/pid-item' is clicked on

2025-09-26 11:24:01 - [TEST_STEP][PASSED] - click(findTestObject("btn-clearText")): Object: 'Object Repository/btn-clearText' is clicked on

2025-09-26 11:24:01 - [MESSAGE][PASSED] - Object: 'Object Repository/btn-clearText' is clicked on

2025-09-26 11:24:01 - [TEST_STEP][PASSED] - delay(2): Delayed 2 second(s)

2025-09-26 11:24:03 - [MESSAGE][PASSED] - Delayed 2 second(s)

2025-09-26 11:24:03 - [TEST_STEP][PASSED] - Start listener action : afterCase: null

2025-09-26 11:24:03 - [TEST_STEP][PASSED] - println("=== AfterTestCase: " + testCaseContext.getTestCaseId() + " | Status: " + testCaseContext.getTestCaseStatus()): null

2025-09-26 11:24:03 - [TEST_STEP][PASSED] - if (!(isSuiteMode)): null]]></system-out>
         <system-err><![CDATA[]]></system-err>
      </testcase>
      <testcase name="Test Cases/Search by author book" time="2.492" classname="Test Cases/Search by author book" status="PASSED">
         <system-out><![CDATA[2025-09-26 11:24:03 - [TEST_CASE][PASSED] - Test Cases/Search by author book: Test Cases/Search by author book

2025-09-26 11:24:03 - [TEST_STEP][PASSED] - Start listener action : beforeCase: null

2025-09-26 11:24:03 - [TEST_STEP][PASSED] - if (!(isSuiteMode)): null

2025-09-26 11:24:03 - [TEST_STEP][PASSED] - else: null

2025-09-26 11:24:03 - [TEST_STEP][PASSED] - println("=== BeforeTestCase (suite): " + testCaseContext.getTestCaseId()): null

2025-09-26 11:24:03 - [TEST_STEP][PASSED] - setText(findTestObject("searchBar", ["index":index]), author): Text 'Seb Rose' is set on object 'Object Repository/searchBar'

2025-09-26 11:24:03 - [MESSAGE][PASSED] - Text 'Seb Rose' is set on object 'Object Repository/searchBar'

2025-09-26 11:24:03 - [TEST_STEP][PASSED] - verifyElementText(findTestObject("pid-author", ["index":index]), author): Actual text and expected text of test object 'Object Repository/pid-author' are matched.

2025-09-26 11:24:03 - [MESSAGE][PASSED] - Actual text and expected text of test object 'Object Repository/pid-author' are matched.

2025-09-26 11:24:03 - [TEST_STEP][PASSED] - click(findTestObject("pid-item", ["index":index])): Object: 'Object Repository/pid-item' is clicked on

2025-09-26 11:24:04 - [MESSAGE][PASSED] - Object: 'Object Repository/pid-item' is clicked on

2025-09-26 11:24:04 - [TEST_STEP][PASSED] - click(findTestObject("btn-clearText")): Object: 'Object Repository/btn-clearText' is clicked on

2025-09-26 11:24:04 - [MESSAGE][PASSED] - Object: 'Object Repository/btn-clearText' is clicked on

2025-09-26 11:24:04 - [TEST_STEP][PASSED] - delay(2): Delayed 2 second(s)

2025-09-26 11:24:06 - [MESSAGE][PASSED] - Delayed 2 second(s)

2025-09-26 11:24:06 - [TEST_STEP][PASSED] - Start listener action : afterCase: null

2025-09-26 11:24:06 - [TEST_STEP][PASSED] - println("=== AfterTestCase: " + testCaseContext.getTestCaseId() + " | Status: " + testCaseContext.getTestCaseStatus()): null

2025-09-26 11:24:06 - [TEST_STEP][PASSED] - if (!(isSuiteMode)): null]]></system-out>
         <system-err><![CDATA[]]></system-err>
      </testcase>
      <testcase name="Test Cases/Search by author book" time="2.501" classname="Test Cases/Search by author book" status="PASSED">
         <system-out><![CDATA[2025-09-26 11:24:06 - [TEST_CASE][PASSED] - Test Cases/Search by author book: Test Cases/Search by author book

2025-09-26 11:24:06 - [TEST_STEP][PASSED] - Start listener action : beforeCase: null

2025-09-26 11:24:06 - [TEST_STEP][PASSED] - if (!(isSuiteMode)): null

2025-09-26 11:24:06 - [TEST_STEP][PASSED] - else: null

2025-09-26 11:24:06 - [TEST_STEP][PASSED] - println("=== BeforeTestCase (suite): " + testCaseContext.getTestCaseId()): null

2025-09-26 11:24:06 - [TEST_STEP][PASSED] - setText(findTestObject("searchBar", ["index":index]), author): Text 'John Ferguson Smart' is set on object 'Object Repository/searchBar'

2025-09-26 11:24:06 - [MESSAGE][PASSED] - Text 'John Ferguson Smart' is set on object 'Object Repository/searchBar'

2025-09-26 11:24:06 - [TEST_STEP][PASSED] - verifyElementText(findTestObject("pid-author", ["index":index]), author): Actual text and expected text of test object 'Object Repository/pid-author' are matched.

2025-09-26 11:24:06 - [MESSAGE][PASSED] - Actual text and expected text of test object 'Object Repository/pid-author' are matched.

2025-09-26 11:24:06 - [TEST_STEP][PASSED] - click(findTestObject("pid-item", ["index":index])): Object: 'Object Repository/pid-item' is clicked on

2025-09-26 11:24:06 - [MESSAGE][PASSED] - Object: 'Object Repository/pid-item' is clicked on

2025-09-26 11:24:06 - [TEST_STEP][PASSED] - click(findTestObject("btn-clearText")): Object: 'Object Repository/btn-clearText' is clicked on

2025-09-26 11:24:06 - [MESSAGE][PASSED] - Object: 'Object Repository/btn-clearText' is clicked on

2025-09-26 11:24:06 - [TEST_STEP][PASSED] - delay(2): Delayed 2 second(s)

2025-09-26 11:24:08 - [MESSAGE][PASSED] - Delayed 2 second(s)

2025-09-26 11:24:08 - [TEST_STEP][PASSED] - Start listener action : afterCase: null

2025-09-26 11:24:08 - [TEST_STEP][PASSED] - println("=== AfterTestCase: " + testCaseContext.getTestCaseId() + " | Status: " + testCaseContext.getTestCaseStatus()): null

2025-09-26 11:24:08 - [TEST_STEP][PASSED] - if (!(isSuiteMode)): null]]></system-out>
         <system-err><![CDATA[]]></system-err>
      </testcase>
      <testcase name="Test Cases/Search by price book" time="2.638" classname="Test Cases/Search by price book" status="PASSED">
         <system-out><![CDATA[2025-09-26 11:24:08 - [TEST_CASE][PASSED] - Test Cases/Search by price book: Test Cases/Search by price book

2025-09-26 11:24:08 - [TEST_STEP][PASSED] - Start listener action : beforeCase: null

2025-09-26 11:24:08 - [TEST_STEP][PASSED] - if (!(isSuiteMode)): null

2025-09-26 11:24:08 - [TEST_STEP][PASSED] - else: null

2025-09-26 11:24:08 - [TEST_STEP][PASSED] - println("=== BeforeTestCase (suite): " + testCaseContext.getTestCaseId()): null

2025-09-26 11:24:08 - [TEST_STEP][PASSED] - setText(findTestObject("searchBar", ["index":index]), price): Text '$9.99' is set on object 'Object Repository/searchBar'

2025-09-26 11:24:09 - [MESSAGE][PASSED] - Text '$9.99' is set on object 'Object Repository/searchBar'

2025-09-26 11:24:09 - [TEST_STEP][PASSED] - verifyElementText(findTestObject("pid-price", ["index":index]), price): Actual text and expected text of test object 'Object Repository/pid-price' are matched.

2025-09-26 11:24:09 - [MESSAGE][PASSED] - Actual text and expected text of test object 'Object Repository/pid-price' are matched.

2025-09-26 11:24:09 - [TEST_STEP][PASSED] - click(findTestObject("pid-item", ["index":index])): Object: 'Object Repository/pid-item' is clicked on

2025-09-26 11:24:09 - [MESSAGE][PASSED] - Object: 'Object Repository/pid-item' is clicked on

2025-09-26 11:24:09 - [TEST_STEP][PASSED] - click(findTestObject("btn-clearText")): Object: 'Object Repository/btn-clearText' is clicked on

2025-09-26 11:24:09 - [MESSAGE][PASSED] - Object: 'Object Repository/btn-clearText' is clicked on

2025-09-26 11:24:09 - [TEST_STEP][PASSED] - delay(2): Delayed 2 second(s)

2025-09-26 11:24:11 - [MESSAGE][PASSED] - Delayed 2 second(s)

2025-09-26 11:24:11 - [TEST_STEP][PASSED] - Start listener action : afterCase: null

2025-09-26 11:24:11 - [TEST_STEP][PASSED] - println("=== AfterTestCase: " + testCaseContext.getTestCaseId() + " | Status: " + testCaseContext.getTestCaseStatus()): null

2025-09-26 11:24:11 - [TEST_STEP][PASSED] - if (!(isSuiteMode)): null]]></system-out>
         <system-err><![CDATA[]]></system-err>
      </testcase>
      <testcase name="Test Cases/Search by price book" time="2.497" classname="Test Cases/Search by price book" status="PASSED">
         <system-out><![CDATA[2025-09-26 11:24:11 - [TEST_CASE][PASSED] - Test Cases/Search by price book: Test Cases/Search by price book

2025-09-26 11:24:11 - [TEST_STEP][PASSED] - Start listener action : beforeCase: null

2025-09-26 11:24:11 - [TEST_STEP][PASSED] - if (!(isSuiteMode)): null

2025-09-26 11:24:11 - [TEST_STEP][PASSED] - else: null

2025-09-26 11:24:11 - [TEST_STEP][PASSED] - println("=== BeforeTestCase (suite): " + testCaseContext.getTestCaseId()): null

2025-09-26 11:24:11 - [TEST_STEP][PASSED] - setText(findTestObject("searchBar", ["index":index]), price): Text '$44.09' is set on object 'Object Repository/searchBar'

2025-09-26 11:24:11 - [MESSAGE][PASSED] - Text '$44.09' is set on object 'Object Repository/searchBar'

2025-09-26 11:24:11 - [TEST_STEP][PASSED] - verifyElementText(findTestObject("pid-price", ["index":index]), price): Actual text and expected text of test object 'Object Repository/pid-price' are matched.

2025-09-26 11:24:11 - [MESSAGE][PASSED] - Actual text and expected text of test object 'Object Repository/pid-price' are matched.

2025-09-26 11:24:11 - [TEST_STEP][PASSED] - click(findTestObject("pid-item", ["index":index])): Object: 'Object Repository/pid-item' is clicked on

2025-09-26 11:24:11 - [MESSAGE][PASSED] - Object: 'Object Repository/pid-item' is clicked on

2025-09-26 11:24:11 - [TEST_STEP][PASSED] - click(findTestObject("btn-clearText")): Object: 'Object Repository/btn-clearText' is clicked on

2025-09-26 11:24:11 - [MESSAGE][PASSED] - Object: 'Object Repository/btn-clearText' is clicked on

2025-09-26 11:24:11 - [TEST_STEP][PASSED] - delay(2): Delayed 2 second(s)

2025-09-26 11:24:13 - [MESSAGE][PASSED] - Delayed 2 second(s)

2025-09-26 11:24:13 - [TEST_STEP][PASSED] - Start listener action : afterCase: null

2025-09-26 11:24:13 - [TEST_STEP][PASSED] - println("=== AfterTestCase: " + testCaseContext.getTestCaseId() + " | Status: " + testCaseContext.getTestCaseStatus()): null

2025-09-26 11:24:13 - [TEST_STEP][PASSED] - if (!(isSuiteMode)): null]]></system-out>
         <system-err><![CDATA[]]></system-err>
      </testcase>
      <testcase name="Test Cases/Search by price book" time="2.619" classname="Test Cases/Search by price book" status="PASSED">
         <system-out><![CDATA[2025-09-26 11:24:13 - [TEST_CASE][PASSED] - Test Cases/Search by price book: Test Cases/Search by price book

2025-09-26 11:24:13 - [TEST_STEP][PASSED] - Start listener action : beforeCase: null

2025-09-26 11:24:13 - [TEST_STEP][PASSED] - if (!(isSuiteMode)): null

2025-09-26 11:24:13 - [TEST_STEP][PASSED] - else: null

2025-09-26 11:24:13 - [TEST_STEP][PASSED] - println("=== BeforeTestCase (suite): " + testCaseContext.getTestCaseId()): null

2025-09-26 11:24:13 - [TEST_STEP][PASSED] - setText(findTestObject("searchBar", ["index":index]), price): Text '$49.07' is set on object 'Object Repository/searchBar'

2025-09-26 11:24:14 - [MESSAGE][PASSED] - Text '$49.07' is set on object 'Object Repository/searchBar'

2025-09-26 11:24:14 - [TEST_STEP][PASSED] - verifyElementText(findTestObject("pid-price", ["index":index]), price): Actual text and expected text of test object 'Object Repository/pid-price' are matched.

2025-09-26 11:24:14 - [MESSAGE][PASSED] - Actual text and expected text of test object 'Object Repository/pid-price' are matched.

2025-09-26 11:24:14 - [TEST_STEP][PASSED] - click(findTestObject("pid-item", ["index":index])): Object: 'Object Repository/pid-item' is clicked on

2025-09-26 11:24:14 - [MESSAGE][PASSED] - Object: 'Object Repository/pid-item' is clicked on

2025-09-26 11:24:14 - [TEST_STEP][PASSED] - click(findTestObject("btn-clearText")): Object: 'Object Repository/btn-clearText' is clicked on

2025-09-26 11:24:14 - [MESSAGE][PASSED] - Object: 'Object Repository/btn-clearText' is clicked on

2025-09-26 11:24:14 - [TEST_STEP][PASSED] - delay(2): Delayed 2 second(s)

2025-09-26 11:24:16 - [MESSAGE][PASSED] - Delayed 2 second(s)

2025-09-26 11:24:16 - [TEST_STEP][PASSED] - Start listener action : afterCase: null

2025-09-26 11:24:16 - [TEST_STEP][PASSED] - println("=== AfterTestCase: " + testCaseContext.getTestCaseId() + " | Status: " + testCaseContext.getTestCaseStatus()): null

2025-09-26 11:24:16 - [TEST_STEP][PASSED] - if (!(isSuiteMode)): null]]></system-out>
         <system-err><![CDATA[]]></system-err>
      </testcase>
      <testcase name="Test Cases/Search by price book" time="2.516" classname="Test Cases/Search by price book" status="PASSED">
         <system-out><![CDATA[2025-09-26 11:24:16 - [TEST_CASE][PASSED] - Test Cases/Search by price book: Test Cases/Search by price book

2025-09-26 11:24:16 - [TEST_STEP][PASSED] - Start listener action : beforeCase: null

2025-09-26 11:24:16 - [TEST_STEP][PASSED] - if (!(isSuiteMode)): null

2025-09-26 11:24:16 - [TEST_STEP][PASSED] - else: null

2025-09-26 11:24:16 - [TEST_STEP][PASSED] - println("=== BeforeTestCase (suite): " + testCaseContext.getTestCaseId()): null

2025-09-26 11:24:16 - [TEST_STEP][PASSED] - setText(findTestObject("searchBar", ["index":index]), price): Text '$31.67' is set on object 'Object Repository/searchBar'

2025-09-26 11:24:16 - [MESSAGE][PASSED] - Text '$31.67' is set on object 'Object Repository/searchBar'

2025-09-26 11:24:16 - [TEST_STEP][PASSED] - verifyElementText(findTestObject("pid-price", ["index":index]), price): Actual text and expected text of test object 'Object Repository/pid-price' are matched.

2025-09-26 11:24:16 - [MESSAGE][PASSED] - Actual text and expected text of test object 'Object Repository/pid-price' are matched.

2025-09-26 11:24:16 - [TEST_STEP][PASSED] - click(findTestObject("pid-item", ["index":index])): Object: 'Object Repository/pid-item' is clicked on

2025-09-26 11:24:16 - [MESSAGE][PASSED] - Object: 'Object Repository/pid-item' is clicked on

2025-09-26 11:24:16 - [TEST_STEP][PASSED] - click(findTestObject("btn-clearText")): Object: 'Object Repository/btn-clearText' is clicked on

2025-09-26 11:24:17 - [MESSAGE][PASSED] - Object: 'Object Repository/btn-clearText' is clicked on

2025-09-26 11:24:17 - [TEST_STEP][PASSED] - delay(2): Delayed 2 second(s)

2025-09-26 11:24:19 - [MESSAGE][PASSED] - Delayed 2 second(s)

2025-09-26 11:24:19 - [TEST_STEP][PASSED] - Start listener action : afterCase: null

2025-09-26 11:24:19 - [TEST_STEP][PASSED] - println("=== AfterTestCase: " + testCaseContext.getTestCaseId() + " | Status: " + testCaseContext.getTestCaseStatus()): null

2025-09-26 11:24:19 - [TEST_STEP][PASSED] - if (!(isSuiteMode)): null]]></system-out>
         <system-err><![CDATA[]]></system-err>
      </testcase>
      <testcase name="Test Cases/Search by price book" time="2.477" classname="Test Cases/Search by price book" status="PASSED">
         <system-out><![CDATA[2025-09-26 11:24:19 - [TEST_CASE][PASSED] - Test Cases/Search by price book: Test Cases/Search by price book

2025-09-26 11:24:19 - [TEST_STEP][PASSED] - Start listener action : beforeCase: null

2025-09-26 11:24:19 - [TEST_STEP][PASSED] - if (!(isSuiteMode)): null

2025-09-26 11:24:19 - [TEST_STEP][PASSED] - else: null

2025-09-26 11:24:19 - [TEST_STEP][PASSED] - println("=== BeforeTestCase (suite): " + testCaseContext.getTestCaseId()): null

2025-09-26 11:24:19 - [TEST_STEP][PASSED] - setText(findTestObject("searchBar", ["index":index]), price): Text '$29.99' is set on object 'Object Repository/searchBar'

2025-09-26 11:24:19 - [MESSAGE][PASSED] - Text '$29.99' is set on object 'Object Repository/searchBar'

2025-09-26 11:24:19 - [TEST_STEP][PASSED] - verifyElementText(findTestObject("pid-price", ["index":index]), price): Actual text and expected text of test object 'Object Repository/pid-price' are matched.

2025-09-26 11:24:19 - [MESSAGE][PASSED] - Actual text and expected text of test object 'Object Repository/pid-price' are matched.

2025-09-26 11:24:19 - [TEST_STEP][PASSED] - click(findTestObject("pid-item", ["index":index])): Object: 'Object Repository/pid-item' is clicked on

2025-09-26 11:24:19 - [MESSAGE][PASSED] - Object: 'Object Repository/pid-item' is clicked on

2025-09-26 11:24:19 - [TEST_STEP][PASSED] - click(findTestObject("btn-clearText")): Object: 'Object Repository/btn-clearText' is clicked on

2025-09-26 11:24:19 - [MESSAGE][PASSED] - Object: 'Object Repository/btn-clearText' is clicked on

2025-09-26 11:24:19 - [TEST_STEP][PASSED] - delay(2): Delayed 2 second(s)

2025-09-26 11:24:21 - [MESSAGE][PASSED] - Delayed 2 second(s)

2025-09-26 11:24:21 - [TEST_STEP][PASSED] - Start listener action : afterCase: null

2025-09-26 11:24:21 - [TEST_STEP][PASSED] - println("=== AfterTestCase: " + testCaseContext.getTestCaseId() + " | Status: " + testCaseContext.getTestCaseStatus()): null

2025-09-26 11:24:21 - [TEST_STEP][PASSED] - if (!(isSuiteMode)): null]]></system-out>
         <system-err><![CDATA[]]></system-err>
      </testcase>
      <testcase name="Test Cases/Search by price book" time="2.546" classname="Test Cases/Search by price book" status="PASSED">
         <system-out><![CDATA[2025-09-26 11:24:21 - [TEST_CASE][PASSED] - Test Cases/Search by price book: Test Cases/Search by price book

2025-09-26 11:24:21 - [TEST_STEP][PASSED] - Start listener action : beforeCase: null

2025-09-26 11:24:21 - [TEST_STEP][PASSED] - if (!(isSuiteMode)): null

2025-09-26 11:24:21 - [TEST_STEP][PASSED] - else: null

2025-09-26 11:24:21 - [TEST_STEP][PASSED] - println("=== BeforeTestCase (suite): " + testCaseContext.getTestCaseId()): null

2025-09-26 11:24:21 - [TEST_STEP][PASSED] - setText(findTestObject("searchBar", ["index":index]), price): Text '$29.99' is set on object 'Object Repository/searchBar'

2025-09-26 11:24:21 - [MESSAGE][PASSED] - Text '$29.99' is set on object 'Object Repository/searchBar'

2025-09-26 11:24:21 - [TEST_STEP][PASSED] - verifyElementText(findTestObject("pid-price", ["index":index]), price): Actual text and expected text of test object 'Object Repository/pid-price' are matched.

2025-09-26 11:24:21 - [MESSAGE][PASSED] - Actual text and expected text of test object 'Object Repository/pid-price' are matched.

2025-09-26 11:24:21 - [TEST_STEP][PASSED] - click(findTestObject("pid-item", ["index":index])): Object: 'Object Repository/pid-item' is clicked on

2025-09-26 11:24:21 - [MESSAGE][PASSED] - Object: 'Object Repository/pid-item' is clicked on

2025-09-26 11:24:21 - [TEST_STEP][PASSED] - click(findTestObject("btn-clearText")): Object: 'Object Repository/btn-clearText' is clicked on

2025-09-26 11:24:22 - [MESSAGE][PASSED] - Object: 'Object Repository/btn-clearText' is clicked on

2025-09-26 11:24:22 - [TEST_STEP][PASSED] - delay(2): Delayed 2 second(s)

2025-09-26 11:24:24 - [MESSAGE][PASSED] - Delayed 2 second(s)

2025-09-26 11:24:24 - [TEST_STEP][PASSED] - Start listener action : afterCase: null

2025-09-26 11:24:24 - [TEST_STEP][PASSED] - println("=== AfterTestCase: " + testCaseContext.getTestCaseId() + " | Status: " + testCaseContext.getTestCaseStatus()): null

2025-09-26 11:24:24 - [TEST_STEP][PASSED] - if (!(isSuiteMode)): null]]></system-out>
         <system-err><![CDATA[]]></system-err>
      </testcase>
      <testcase name="Test Cases/Search by price book" time="2.451" classname="Test Cases/Search by price book" status="PASSED">
         <system-out><![CDATA[2025-09-26 11:24:24 - [TEST_CASE][PASSED] - Test Cases/Search by price book: Test Cases/Search by price book

2025-09-26 11:24:24 - [TEST_STEP][PASSED] - Start listener action : beforeCase: null

2025-09-26 11:24:24 - [TEST_STEP][PASSED] - if (!(isSuiteMode)): null

2025-09-26 11:24:24 - [TEST_STEP][PASSED] - else: null

2025-09-26 11:24:24 - [TEST_STEP][PASSED] - println("=== BeforeTestCase (suite): " + testCaseContext.getTestCaseId()): null

2025-09-26 11:24:24 - [TEST_STEP][PASSED] - setText(findTestObject("searchBar", ["index":index]), price): Text '$34.99' is set on object 'Object Repository/searchBar'

2025-09-26 11:24:24 - [MESSAGE][PASSED] - Text '$34.99' is set on object 'Object Repository/searchBar'

2025-09-26 11:24:24 - [TEST_STEP][PASSED] - verifyElementText(findTestObject("pid-price", ["index":index]), price): Actual text and expected text of test object 'Object Repository/pid-price' are matched.

2025-09-26 11:24:24 - [MESSAGE][PASSED] - Actual text and expected text of test object 'Object Repository/pid-price' are matched.

2025-09-26 11:24:24 - [TEST_STEP][PASSED] - click(findTestObject("pid-item", ["index":index])): Object: 'Object Repository/pid-item' is clicked on

2025-09-26 11:24:24 - [MESSAGE][PASSED] - Object: 'Object Repository/pid-item' is clicked on

2025-09-26 11:24:24 - [TEST_STEP][PASSED] - click(findTestObject("btn-clearText")): Object: 'Object Repository/btn-clearText' is clicked on

2025-09-26 11:24:24 - [MESSAGE][PASSED] - Object: 'Object Repository/btn-clearText' is clicked on

2025-09-26 11:24:24 - [TEST_STEP][PASSED] - delay(2): Delayed 2 second(s)

2025-09-26 11:24:26 - [MESSAGE][PASSED] - Delayed 2 second(s)

2025-09-26 11:24:26 - [TEST_STEP][PASSED] - Start listener action : afterCase: null

2025-09-26 11:24:26 - [TEST_STEP][PASSED] - println("=== AfterTestCase: " + testCaseContext.getTestCaseId() + " | Status: " + testCaseContext.getTestCaseStatus()): null

2025-09-26 11:24:26 - [TEST_STEP][PASSED] - if (!(isSuiteMode)): null]]></system-out>
         <system-err><![CDATA[]]></system-err>
      </testcase>
      <testcase name="Test Cases/Search by price book" time="2.502" classname="Test Cases/Search by price book" status="PASSED">
         <system-out><![CDATA[2025-09-26 11:24:26 - [TEST_CASE][PASSED] - Test Cases/Search by price book: Test Cases/Search by price book

2025-09-26 11:24:26 - [TEST_STEP][PASSED] - Start listener action : beforeCase: null

2025-09-26 11:24:26 - [TEST_STEP][PASSED] - if (!(isSuiteMode)): null

2025-09-26 11:24:26 - [TEST_STEP][PASSED] - else: null

2025-09-26 11:24:26 - [TEST_STEP][PASSED] - println("=== BeforeTestCase (suite): " + testCaseContext.getTestCaseId()): null

2025-09-26 11:24:26 - [TEST_STEP][PASSED] - setText(findTestObject("searchBar", ["index":index]), price): Text '$40.31' is set on object 'Object Repository/searchBar'

2025-09-26 11:24:26 - [MESSAGE][PASSED] - Text '$40.31' is set on object 'Object Repository/searchBar'

2025-09-26 11:24:26 - [TEST_STEP][PASSED] - verifyElementText(findTestObject("pid-price", ["index":index]), price): Actual text and expected text of test object 'Object Repository/pid-price' are matched.

2025-09-26 11:24:26 - [MESSAGE][PASSED] - Actual text and expected text of test object 'Object Repository/pid-price' are matched.

2025-09-26 11:24:26 - [TEST_STEP][PASSED] - click(findTestObject("pid-item", ["index":index])): Object: 'Object Repository/pid-item' is clicked on

2025-09-26 11:24:26 - [MESSAGE][PASSED] - Object: 'Object Repository/pid-item' is clicked on

2025-09-26 11:24:26 - [TEST_STEP][PASSED] - click(findTestObject("btn-clearText")): Object: 'Object Repository/btn-clearText' is clicked on

2025-09-26 11:24:27 - [MESSAGE][PASSED] - Object: 'Object Repository/btn-clearText' is clicked on

2025-09-26 11:24:27 - [TEST_STEP][PASSED] - delay(2): Delayed 2 second(s)

2025-09-26 11:24:29 - [MESSAGE][PASSED] - Delayed 2 second(s)

2025-09-26 11:24:29 - [TEST_STEP][PASSED] - Start listener action : afterCase: null

2025-09-26 11:24:29 - [TEST_STEP][PASSED] - println("=== AfterTestCase: " + testCaseContext.getTestCaseId() + " | Status: " + testCaseContext.getTestCaseStatus()): null

2025-09-26 11:24:29 - [TEST_STEP][PASSED] - if (!(isSuiteMode)): null]]></system-out>
         <system-err><![CDATA[]]></system-err>
      </testcase>
      <system-out><![CDATA[2025-09-26 11:22:36 - [TEST_SUITE][PASSED] - All cases: Test Cases/Search by price book]]></system-out>
      <system-err><![CDATA[]]></system-err>
   </testsuite>
</testsuites>
